#
# A fatal error has been detected by the Java Runtime Environment:
#
#  EXCEPTION_ILLEGAL_INSTRUCTION (0xc000001d) at pc=0x000001cb1fd4b93c, pid=21916, tid=7984
#
# JRE version: Java(TM) SE Runtime Environment (17.0.11+7) (build 17.0.11+7-LTS-207)
# Java VM: Java HotSpot(TM) 64-Bit Server VM (17.0.11+7-LTS-207, mixed mode, sharing, tiered, compressed oops, compressed class ptrs, g1 gc, windows-amd64)
# Problematic frame:
# J 11151 c1 com.fasterxml.jackson.databind.introspect.AnnotatedCreatorCollector.collectCreators(Lcom/fasterxml/jackson/databind/AnnotationIntrospector;Lcom/fasterxml/jackson/databind/type/TypeFactory;Lcom/fasterxml/jackson/databind/introspect/TypeResolutionContext;Lcom/fasterxml/jackson/databind/JavaType;Ljava/lang/Class;Z)Lcom/fasterxml/jackson/databind/introspect/AnnotatedClass$Creators; (34 bytes) @ 0x000001cb1fd4b93c [0x000001cb1fd4b760+0x00000000000001dc]
#
# No core dump will be written. Minidumps are not enabled by default on client versions of Windows
#
# If you would like to submit a bug report, please visit:
#   https://bugreport.java.com/bugreport/crash.jsp
#

---------------  S U M M A R Y ------------

Command Line: -agentlib:jdwp=transport=dt_socket,address=127.0.0.1:53337,suspend=y,server=n -javaagent:C:\Users\buddh\AppData\Local\JetBrains\IdeaIC2024.1\captureAgent\debugger-agent.jar=file:/C:/Users/buddh/AppData/Local/Temp/capture.props -Dfile.encoding=UTF-8 com.stylit.online.ApiGatewayApplication

Host: AMD Ryzen 5 5500U with Radeon Graphics         , 12 cores, 15G,  Windows 11 , 64 bit Build 22621 (10.0.22621.3672)
Time: Sat Jun 29 12:24:34 2024 Sri Lanka Standard Time elapsed time: 75625.897517 seconds (0d 21h 0m 25s)

---------------  T H R E A D  ---------------

Current thread (0x000001cb0bf1c670):  JavaThread "DiscoveryClient-HeartbeatExecutor-0" daemon [_thread_in_Java, id=7984, stack(0x000000875e900000,0x000000875ea00000)]

Stack: [0x000000875e900000,0x000000875ea00000],  sp=0x000000875e9fcda0,  free space=1011k
Native frames: (J=compiled Java code, j=interpreted, Vv=VM code, C=native code)
C  0x000001cb1fd4b93c


siginfo: EXCEPTION_ILLEGAL_INSTRUCTION (0xc000001d)


Registers:
RAX=0x000000070cc85b68, RBX=0x000000070a5be9d8, RCX=0x0000000000000000, RDX=0x00000000001bf3ea
RSP=0x000000875e9fcda0, RBP=0x000000875e9fcf50, RSI=0x000000070b480638, RDI=0x0000000000000000
R8 =0x000000070a5be630, R9 =0x000000070cfff478, R10=0x00000000e14b7d3b, R11=0x0000000000000001
R12=0x0000000000000000, R13=0x000000070b481af8, R14=0x000000070b480638, R15=0x000001cb0bf1c670
RIP=0x000001cb1fd4b93c, EFLAGS=0x0000000000010246


Register to memory mapping:

RIP=0x000001cb1fd4b93c is at entry_point+476 in (nmethod*)0x000001cb1fd4b590
Compiled method (c1) 75625907 11151       3       com.fasterxml.jackson.databind.introspect.AnnotatedCreatorCollector::collectCreators (34 bytes)
 total in heap  [0x000001cb1fd4b590,0x000001cb1fd4bca8] = 1816
 relocation     [0x000001cb1fd4b6e8,0x000001cb1fd4b748] = 96
 main code      [0x000001cb1fd4b760,0x000001cb1fd4bb20] = 960
 stub code      [0x000001cb1fd4bb20,0x000001cb1fd4bb68] = 72
 oops           [0x000001cb1fd4bb68,0x000001cb1fd4bb70] = 8
 metadata       [0x000001cb1fd4bb70,0x000001cb1fd4bb90] = 32
 scopes data    [0x000001cb1fd4bb90,0x000001cb1fd4bc18] = 136
 scopes pcs     [0x000001cb1fd4bc18,0x000001cb1fd4bc98] = 128
 dependencies   [0x000001cb1fd4bc98,0x000001cb1fd4bca8] = 16
RAX=0x000000070cc85b68 is an oop: com.fasterxml.jackson.databind.introspect.AnnotatedCreatorCollector 
{0x000000070cc85b68} - klass: 'com/fasterxml/jackson/databind/introspect/AnnotatedCreatorCollector'
 - ---- fields (total size 4 words):
 - protected final '_intr' 'Lcom/fasterxml/jackson/databind/AnnotationIntrospector;' @12  a 'com/fasterxml/jackson/databind/introspect/JacksonAnnotationIntrospector'{0x000000070a5be9d8} (e14b7d3b)
 - private final '_collectAnnotations' 'Z' @16  false
 - private final '_typeContext' 'Lcom/fasterxml/jackson/databind/introspect/TypeResolutionContext;' @20  NULL (0)
 - private '_defaultConstructor' 'Lcom/fasterxml/jackson/databind/introspect/AnnotatedConstructor;' @24  NULL (0)
RBX=0x000000070a5be9d8 is an oop: com.fasterxml.jackson.databind.introspect.JacksonAnnotationIntrospector 
{0x000000070a5be9d8} - klass: 'com/fasterxml/jackson/databind/introspect/JacksonAnnotationIntrospector'
 - ---- fields (total size 3 words):
 - protected '_cfgConstructorPropertiesImpliesCreator' 'Z' @12  true
 - protected transient '_annotationsInside' 'Lcom/fasterxml/jackson/databind/util/LRUMap;' @16  a 'com/fasterxml/jackson/databind/util/LRUMap'{0x000000070a5be9f0} (e14b7d3e)
RCX=0x0 is NULL
RDX=0x00000000001bf3ea is an unknown value
RSP=0x000000875e9fcda0 is pointing into the stack for thread: 0x000001cb0bf1c670
RBP=0x000000875e9fcf50 is pointing into the stack for thread: 0x000001cb0bf1c670
RSI=0x000000070b480638 is an oop: java.lang.Class 
{0x000000070b480638} - klass: 'java/lang/Class'
 - ---- fields (total size 14 words):
 - private volatile transient 'classRedefinedCount' 'I' @12  0
 - private volatile transient 'cachedConstructor' 'Ljava/lang/reflect/Constructor;' @40  NULL (0)
 - private transient 'name' 'Ljava/lang/String;' @44  "com.netflix.discovery.converters.jackson.mixin.InstanceInfoJsonMixIn"{0x000000070b4806a8} (e16900d5)
 - private transient 'module' 'Ljava/lang/Module;' @48  a 'java/lang/Module'{0x0000000709ee60e0} (e13dcc1c)
 - private final 'classLoader' 'Ljava/lang/ClassLoader;' @52  a 'jdk/internal/loader/ClassLoaders$AppClassLoader'{0x0000000709ee6060} (e13dcc0c)
 - private transient 'classData' 'Ljava/lang/Object;' @56  NULL (0)
 - private transient 'packageName' 'Ljava/lang/String;' @60  "com.netflix.discovery.converters.jackson.mixin"{0x000000070b480718} (e16900e3)
 - private final 'componentType' 'Ljava/lang/Class;' @64  [I{0x000000070b480770} (e16900ee)
 - private volatile transient 'reflectionData' 'Ljava/lang/ref/SoftReference;' @68  a 'java/lang/ref/SoftReference'{0x0000000710b0bd68} (e21617ad)
 - private volatile transient 'genericInfo' 'Lsun/reflect/generics/repository/ClassRepository;' @72  NULL (0)
 - private volatile transient 'enumConstants' '[Ljava/lang/Object;' @76  NULL (0)
 - private volatile transient 'enumConstantDirectory' 'Ljava/util/Map;' @80  NULL (0)
 - private volatile transient 'annotationData' 'Ljava/lang/Class$AnnotationData;' @84  a 'java/lang/Class$AnnotationData'{0x000000070b480a60} (e169014c)
 - private volatile transient 'annotationType' 'Lsun/reflect/annotation/AnnotationType;' @88  NULL (0)
 - transient 'classValueMap' 'Ljava/lang/ClassValue$ClassValueMap;' @92  NULL (0)
 - signature: Lcom/netflix/discovery/converters/jackson/mixin/InstanceInfoJsonMixIn;
 - fake entry for mirror: 'com/netflix/discovery/converters/jackson/mixin/InstanceInfoJsonMixIn'
 - fake entry for array: NULL
 - fake entry for oop_size: 14
 - fake entry for static_oop_field_count: 0
RDI=0x0 is NULL
R8 =0x000000070a5be630 is an oop: com.fasterxml.jackson.databind.type.TypeFactory 
{0x000000070a5be630} - klass: 'com/fasterxml/jackson/databind/type/TypeFactory'
 - ---- fields (total size 4 words):
 - protected final '_typeCache' 'Lcom/fasterxml/jackson/databind/util/LookupCache;' @12  a 'com/fasterxml/jackson/databind/util/LRUMap'{0x000000070a5be650} (e14b7cca)
 - protected final '_modifiers' '[Lcom/fasterxml/jackson/databind/type/TypeModifier;' @16  NULL (0)
 - protected final '_parser' 'Lcom/fasterxml/jackson/databind/type/TypeParser;' @20  a 'com/fasterxml/jackson/databind/type/TypeParser'{0x000000070a5be9c8} (e14b7d39)
 - protected final '_classLoader' 'Ljava/lang/ClassLoader;' @24  NULL (0)
R9 =0x000000070cfff478 is an oop: com.fasterxml.jackson.databind.introspect.AnnotatedClass 
{0x000000070cfff478} - klass: 'com/fasterxml/jackson/databind/introspect/AnnotatedClass'
 - ---- fields (total size 9 words):
 - protected final '_collectAnnotations' 'Z' @12  true
 - protected final '_type' 'Lcom/fasterxml/jackson/databind/JavaType;' @16  a 'com/fasterxml/jackson/databind/type/SimpleType'{0x000000070b481af8} (e169035f)
 - protected final '_class' 'Ljava/lang/Class;' @20  a 'java/lang/Class'{0x000000070a36c700} = 'com/netflix/appinfo/InstanceInfo' (e146d8e0)
 - protected final '_bindings' 'Lcom/fasterxml/jackson/databind/type/TypeBindings;' @24  a 'com/fasterxml/jackson/databind/type/TypeBindings'{0x000000070a6cbf78} (e14d97ef)
 - protected final '_superTypes' 'Ljava/util/List;' @28  a 'java/util/ArrayList'{0x000000070cfff430} (e19ffe86)
 - protected final '_annotationIntrospector' 'Lcom/fasterxml/jackson/databind/AnnotationIntrospector;' @32  a 'com/fasterxml/jackson/databind/introspect/JacksonAnnotationIntrospector'{0x000000070a5be9d8} (e14b7d3b)
 - protected final '_typeFactory' 'Lcom/fasterxml/jackson/databind/type/TypeFactory;' @36  a 'com/fasterxml/jackson/databind/type/TypeFactory'{0x000000070a5be630} (e14b7cc6)
 - protected final '_mixInResolver' 'Lcom/fasterxml/jackson/databind/introspect/ClassIntrospector$MixInResolver;' @40  a 'com/fasterxml/jackson/databind/DeserializationConfig'{0x000000070cffc790} (e19ff8f2)
 - protected final '_primaryMixIn' 'Ljava/lang/Class;' @44  a 'java/lang/Class'{0x000000070b480638} = 'com/netflix/discovery/converters/jackson/mixin/InstanceInfoJsonMixIn' (e16900c7)
 - protected final '_classAnnotations' 'Lcom/fasterxml/jackson/databind/util/Annotations;' @48  a 'com/fasterxml/jackson/databind/introspect/AnnotationMap'{0x000000070cfff678} (e19ffecf)
 - protected '_creators' 'Lcom/fasterxml/jackson/databind/introspect/AnnotatedClass$Creators;' @52  NULL (0)
 - protected '_memberMethods' 'Lcom/fasterxml/jackson/databind/introspect/AnnotatedMethodMap;' @56  a 'com/fasterxml/jackson/databind/introspect/AnnotatedMethodMap'{0x000000070cc84200} (e1990840)
 - protected '_fields' 'Ljava/util/List;' @60  a 'java/util/ArrayList'{0x000000070cc7b4b8} (e198f697)
 - protected transient '_nonStaticInnerClass' 'Ljava/lang/Boolean;' @64  a 'java/lang/Boolean'{0x0000000709ef3850} = false (e13de70a)
R10=3779820859 is a compressed pointer to object: com.fasterxml.jackson.databind.introspect.JacksonAnnotationIntrospector 
{0x000000070a5be9d8} - klass: 'com/fasterxml/jackson/databind/introspect/JacksonAnnotationIntrospector'
 - ---- fields (total size 3 words):
 - protected '_cfgConstructorPropertiesImpliesCreator' 'Z' @12  true
 - protected transient '_annotationsInside' 'Lcom/fasterxml/jackson/databind/util/LRUMap;' @16  a 'com/fasterxml/jackson/databind/util/LRUMap'{0x000000070a5be9f0} (e14b7d3e)
R11=0x0000000000000001 is an unknown value
R12=0x0 is NULL
R13=0x000000070b481af8 is an oop: com.fasterxml.jackson.databind.type.SimpleType 
{0x000000070b481af8} - klass: 'com/fasterxml/jackson/databind/type/SimpleType'
 - ---- fields (total size 6 words):
 - protected final '_hash' 'I' @12  1280977870 (4c5a2bce)
 - protected final '_asStatic' 'Z' @16  false
 - protected final '_class' 'Ljava/lang/Class;' @20  a 'java/lang/Class'{0x000000070a36c700} = 'com/netflix/appinfo/InstanceInfo' (e146d8e0)
 - protected final '_valueHandler' 'Ljava/lang/Object;' @24  NULL (0)
 - protected final '_typeHandler' 'Ljava/lang/Object;' @28  NULL (0)
 - protected final '_superClass' 'Lcom/fasterxml/jackson/databind/JavaType;' @32  a 'com/fasterxml/jackson/databind/type/SimpleType'{0x000000070a6d4810} (e14da902)
 - protected final '_superInterfaces' '[Lcom/fasterxml/jackson/databind/JavaType;' @36  a 'com/fasterxml/jackson/databind/JavaType'[0] {0x000000070a6d4930} (e14da926)
 - protected final '_bindings' 'Lcom/fasterxml/jackson/databind/type/TypeBindings;' @40  a 'com/fasterxml/jackson/databind/type/TypeBindings'{0x000000070a6cbf78} (e14d97ef)
 - volatile transient '_canonicalName' 'Ljava/lang/String;' @44  NULL (0)
R14=0x000000070b480638 is an oop: java.lang.Class 
{0x000000070b480638} - klass: 'java/lang/Class'
 - ---- fields (total size 14 words):
 - private volatile transient 'classRedefinedCount' 'I' @12  0
 - private volatile transient 'cachedConstructor' 'Ljava/lang/reflect/Constructor;' @40  NULL (0)
 - private transient 'name' 'Ljava/lang/String;' @44  "com.netflix.discovery.converters.jackson.mixin.InstanceInfoJsonMixIn"{0x000000070b4806a8} (e16900d5)
 - private transient 'module' 'Ljava/lang/Module;' @48  a 'java/lang/Module'{0x0000000709ee60e0} (e13dcc1c)
 - private final 'classLoader' 'Ljava/lang/ClassLoader;' @52  a 'jdk/internal/loader/ClassLoaders$AppClassLoader'{0x0000000709ee6060} (e13dcc0c)
 - private transient 'classData' 'Ljava/lang/Object;' @56  NULL (0)
 - private transient 'packageName' 'Ljava/lang/String;' @60  "com.netflix.discovery.converters.jackson.mixin"{0x000000070b480718} (e16900e3)
 - private final 'componentType' 'Ljava/lang/Class;' @64  [I{0x000000070b480770} (e16900ee)
 - private volatile transient 'reflectionData' 'Ljava/lang/ref/SoftReference;' @68  a 'java/lang/ref/SoftReference'{0x0000000710b0bd68} (e21617ad)
 - private volatile transient 'genericInfo' 'Lsun/reflect/generics/repository/ClassRepository;' @72  NULL (0)
 - private volatile transient 'enumConstants' '[Ljava/lang/Object;' @76  NULL (0)
 - private volatile transient 'enumConstantDirectory' 'Ljava/util/Map;' @80  NULL (0)
 - private volatile transient 'annotationData' 'Ljava/lang/Class$AnnotationData;' @84  a 'java/lang/Class$AnnotationData'{0x000000070b480a60} (e169014c)
 - private volatile transient 'annotationType' 'Lsun/reflect/annotation/AnnotationType;' @88  NULL (0)
 - transient 'classValueMap' 'Ljava/lang/ClassValue$ClassValueMap;' @92  NULL (0)
 - signature: Lcom/netflix/discovery/converters/jackson/mixin/InstanceInfoJsonMixIn;
 - fake entry for mirror: 'com/netflix/discovery/converters/jackson/mixin/InstanceInfoJsonMixIn'
 - fake entry for array: NULL
 - fake entry for oop_size: 14
 - fake entry for static_oop_field_count: 0
R15=0x000001cb0bf1c670 is a thread


Top of Stack: (sp=0x000000875e9fcda0)
0x000000875e9fcda0:   000000070cc85b68 00007ffc4e569fbf
0x000000875e9fcdb0:   0000000709eafc90 000001cb0bf1c670
0x000000875e9fcdc0:   000000875e9fd248 000001cb1fb4c8c4
0x000000875e9fcdd0:   000001cb7e6a2ed8 0000000000000000
0x000000875e9fcde0:   000001cb010f3e88 00007ffc4e619ae3
0x000000875e9fcdf0:   000001cb7dc399c0 000001cb0bf1c670
0x000000875e9fce00:   000000070cc83f20 000000070cfff7c0
0x000000875e9fce10:   0000000709efacd8 0000000000000000
0x000000875e9fce20:   0000000000000000 000000070cc85b48
0x000000875e9fce30:   000000070a36c700 000001cb0bf1c670
0x000000875e9fce40:   000000875e9fcf50 000001cb1fa93b04
0x000000875e9fce50:   000000875e9fcef0 00007ffc4e619737
0x000000875e9fce60:   000001cb7dc406d0 000000875e9fce90
0x000000875e9fce70:   000001cb7db68118 000001cb0bf1c670
0x000000875e9fce80:   000001cb7c237a78 000000070cfff478
0x000000875e9fce90:   0000000000000000 0000000000000c7c 

Instructions: (pc=0x000001cb1fd4b93c)
0x000001cb1fd4b83c:   49 2b ca 89 48 08 48 33 c9 89 48 0c 48 33 c9 48
0x000001cb1fd4b84c:   89 48 10 48 89 48 18 48 8b f8 48 ba 88 71 29 7f
0x000001cb1fd4b85c:   cb 01 00 00 48 83 82 48 01 00 00 01 48 bf d0 d7
0x000001cb1fd4b86c:   37 7f cb 01 00 00 8b 97 cc 00 00 00 83 c2 02 89
0x000001cb1fd4b87c:   97 cc 00 00 00 81 e2 fe ff 1f 00 83 fa 00 0f 84
0x000001cb1fd4b88c:   78 01 00 00 48 8b f8 48 ba d0 d7 37 7f cb 01 00
0x000001cb1fd4b89c:   00 48 83 82 10 01 00 00 01 48 bf 80 99 31 7f cb
0x000001cb1fd4b8ac:   01 00 00 8b 97 cc 00 00 00 83 c2 02 89 97 cc 00
0x000001cb1fd4b8bc:   00 00 81 e2 fe ff 1f 00 83 fa 00 0f 84 5c 01 00
0x000001cb1fd4b8cc:   00 48 8b f8 48 ba 80 99 31 7f cb 01 00 00 48 83
0x000001cb1fd4b8dc:   82 10 01 00 00 01 48 bf d0 7e 00 7c cb 01 00 00
0x000001cb1fd4b8ec:   8b 97 cc 00 00 00 83 c2 02 89 97 cc 00 00 00 81
0x000001cb1fd4b8fc:   e2 fe ff 1f 00 83 fa 00 0f 84 40 01 00 00 41 0f
0x000001cb1fd4b90c:   be 7f 38 83 ff 00 0f 85 53 01 00 00 4c 8b d3 49
0x000001cb1fd4b91c:   c1 ea 03 44 89 50 0c 48 8b f8 48 33 fb 48 c1 ef
0x000001cb1fd4b92c:   15 48 83 ff 00 0f 85 53 01 00 00 41 0f be 7f 38
0x000001cb1fd4b93c:   c7 ff 00 0f 85 5d 01 00 00 4d 8b d1 49 c1 ea 03
0x000001cb1fd4b94c:   44 89 50 14 48 8b f8 49 33 f9 48 c1 ef 15 48 83
0x000001cb1fd4b95c:   ff 00 0f 85 5d 01 00 00 49 8b fb 83 e7 01 40 88
0x000001cb1fd4b96c:   78 10 48 8b f8 48 ba 88 71 29 7f cb 01 00 00 48
0x000001cb1fd4b97c:   83 82 58 01 00 00 01 49 8b f0 4c 8b c6 4c 89 4c
0x000001cb1fd4b98c:   24 68 4d 8b cd 49 8b fe 48 8b d0 48 89 9c 24 90
0x000001cb1fd4b99c:   00 00 00 44 89 9c 24 88 00 00 00 4c 89 ac 24 80
0x000001cb1fd4b9ac:   00 00 00 4c 89 74 24 78 48 89 74 24 70 66 0f 1f
0x000001cb1fd4b9bc:   44 00 00 e8 61 01 00 00 48 81 c4 a0 00 00 00 5d
0x000001cb1fd4b9cc:   49 3b a7 48 03 00 00 0f 87 00 01 00 00 c3 49 ba
0x000001cb1fd4b9dc:   e0 b5 6a 7e cb 01 00 00 4c 89 54 24 08 48 c7 04
0x000001cb1fd4b9ec:   24 ff ff ff ff e8 8a f8 24 06 e9 9c fd ff ff 48
0x000001cb1fd4b9fc:   8b d2 e8 7d b0 24 06 e9 4b fe ff ff 49 ba e0 b4
0x000001cb1fd4ba0c:   6a 7e cb 01 00 00 4c 89 54 24 08 48 c7 04 24 ff
0x000001cb1fd4ba1c:   ff ff ff e8 5c f8 24 06 e9 67 fe ff ff 49 ba 30
0x000001cb1fd4ba2c:   0e 69 7e cb 01 00 00 4c 89 54 24 08 48 c7 04 24 


Stack slot to memory mapping:
stack at sp + 0 slots: 0x000000070cc85b68 is an oop: com.fasterxml.jackson.databind.introspect.AnnotatedCreatorCollector 
{0x000000070cc85b68} - klass: 'com/fasterxml/jackson/databind/introspect/AnnotatedCreatorCollector'
 - ---- fields (total size 4 words):
 - protected final '_intr' 'Lcom/fasterxml/jackson/databind/AnnotationIntrospector;' @12  a 'com/fasterxml/jackson/databind/introspect/JacksonAnnotationIntrospector'{0x000000070a5be9d8} (e14b7d3b)
 - private final '_collectAnnotations' 'Z' @16  false
 - private final '_typeContext' 'Lcom/fasterxml/jackson/databind/introspect/TypeResolutionContext;' @20  NULL (0)
 - private '_defaultConstructor' 'Lcom/fasterxml/jackson/databind/introspect/AnnotatedConstructor;' @24  NULL (0)
stack at sp + 1 slots: 0x00007ffc4e569fbf jvm.dll
stack at sp + 2 slots: 0x0000000709eafc90 is an oop: java.lang.String 
{0x0000000709eafc90} - klass: 'java/lang/String'
 - string: "set"
stack at sp + 3 slots: 0x000001cb0bf1c670 is a thread
stack at sp + 4 slots: 0x000000875e9fd248 is pointing into the stack for thread: 0x000001cb0bf1c670
stack at sp + 5 slots: 0x000001cb1fb4c8c4 is at entry_point+996 in (nmethod*)0x000001cb1fb4c210
Compiled method (c1) 75625925 9500       3       com.fasterxml.jackson.databind.introspect.POJOPropertiesCollector::_addSetterMethod (165 bytes)
 total in heap  [0x000001cb1fb4c210,0x000001cb1fb4db90] = 6528
 relocation     [0x000001cb1fb4c368,0x000001cb1fb4c4e0] = 376
 main code      [0x000001cb1fb4c4e0,0x000001cb1fb4d3c0] = 3808
 stub code      [0x000001cb1fb4d3c0,0x000001cb1fb4d4a8] = 232
 oops           [0x000001cb1fb4d4a8,0x000001cb1fb4d4b0] = 8
 metadata       [0x000001cb1fb4d4b0,0x000001cb1fb4d540] = 144
 scopes data    [0x000001cb1fb4d540,0x000001cb1fb4d860] = 800
 scopes pcs     [0x000001cb1fb4d860,0x000001cb1fb4dad0] = 624
 dependencies   [0x000001cb1fb4dad0,0x000001cb1fb4db08] = 56
 nul chk table  [0x000001cb1fb4db08,0x000001cb1fb4db90] = 136
stack at sp + 6 slots: {method} {0x000001cb7e6a2ee0} 'collectMethods' '(Lcom/fasterxml/jackson/databind/AnnotationIntrospector;Lcom/fasterxml/jackson/databind/introspect/TypeResolutionContext;Lcom/fasterxml/jackson/databind/introspect/ClassIntrospector$MixInResolver;Lcom/fasterxml/jackson/databind/type/TypeFactory;Lcom/fasterxml/jackson/databind/JavaType;Ljava/util/List;Ljava/lang/Class;Z)Lcom/fasterxml/jackson/databind/introspect/AnnotatedMethodMap;' in 'com/fasterxml/jackson/databind/introspect/AnnotatedMethodCollector'
stack at sp + 7 slots: 0x0 is NULL


Compiled method (c1) 75625928 11151       3       com.fasterxml.jackson.databind.introspect.AnnotatedCreatorCollector::collectCreators (34 bytes)
 total in heap  [0x000001cb1fd4b590,0x000001cb1fd4bca8] = 1816
 relocation     [0x000001cb1fd4b6e8,0x000001cb1fd4b748] = 96
 main code      [0x000001cb1fd4b760,0x000001cb1fd4bb20] = 960
 stub code      [0x000001cb1fd4bb20,0x000001cb1fd4bb68] = 72
 oops           [0x000001cb1fd4bb68,0x000001cb1fd4bb70] = 8
 metadata       [0x000001cb1fd4bb70,0x000001cb1fd4bb90] = 32
 scopes data    [0x000001cb1fd4bb90,0x000001cb1fd4bc18] = 136
 scopes pcs     [0x000001cb1fd4bc18,0x000001cb1fd4bc98] = 128
 dependencies   [0x000001cb1fd4bc98,0x000001cb1fd4bca8] = 16

[Constant Pool (empty)]

[MachCode]
[Verified Entry Point]
  # {method} {0x000001cb7e6ab5e8} 'collectCreators' '(Lcom/fasterxml/jackson/databind/AnnotationIntrospector;Lcom/fasterxml/jackson/databind/type/TypeFactory;Lcom/fasterxml/jackson/databind/introspect/TypeResolutionContext;Lcom/fasterxml/jackson/databind/JavaType;Ljava/lang/Class;Z)Lcom/fasterxml/jackson/databind/introspect/AnnotatedClass$Creators;' in 'com/fasterxml/jackson/databind/introspect/AnnotatedCreatorCollector'
  # parm0:    rdx:rdx   = 'com/fasterxml/jackson/databind/AnnotationIntrospector'
  # parm1:    r8:r8     = 'com/fasterxml/jackson/databind/type/TypeFactory'
  # parm2:    r9:r9     = 'com/fasterxml/jackson/databind/introspect/TypeResolutionContext'
  # parm3:    rdi:rdi   = 'com/fasterxml/jackson/databind/JavaType'
  # parm4:    rsi:rsi   = 'java/lang/Class'
  # parm5:    rcx       = boolean
  #           [sp+0xb0]  (sp of caller)
  0x000001cb1fd4b760: 8984 2400 | 90ff ff55 | 4881 eca0 

  0x000001cb1fd4b76c: ;   {metadata(method data for {method} {0x000001cb7e6ab5e8} 'collectCreators' '(Lcom/fasterxml/jackson/databind/AnnotationIntrospector;Lcom/fasterxml/jackson/databind/type/TypeFactory;Lcom/fasterxml/jackson/databind/introspect/TypeResolutionContext;Lcom/fasterxml/jackson/databind/JavaType;Ljava/lang/Class;Z)Lcom/fasterxml/jackson/databind/introspect/AnnotatedClass$Creators;' in 'com/fasterxml/jackson/databind/introspect/AnnotatedCreatorCollector')}
  0x000001cb1fd4b76c: 0000 0048 | b888 7129 | 7fcb 0100 | 008b 98cc | 0000 0083 | c302 8998 | cc00 0000 | 81e3 fe07 
  0x000001cb1fd4b78c: 0000 83fb | 000f 8443 | 0200 0048 

  0x000001cb1fd4b798: ;   {metadata(method data for {method} {0x000001cb7e6ab5e8} 'collectCreators' '(Lcom/fasterxml/jackson/databind/AnnotationIntrospector;Lcom/fasterxml/jackson/databind/type/TypeFactory;Lcom/fasterxml/jackson/databind/introspect/TypeResolutionContext;Lcom/fasterxml/jackson/databind/JavaType;Ljava/lang/Class;Z)Lcom/fasterxml/jackson/databind/introspect/AnnotatedClass$Creators;' in 'com/fasterxml/jackson/databind/introspect/AnnotatedCreatorCollector')}
  0x000001cb1fd4b798: 83fe 0048 | b888 7129 | 7fcb 0100 | 0048 bb10 | 0100 0000 | 0000 000f | 840a 0000 | 0048 bb20 
  0x000001cb1fd4b7b8: 0100 0000 | 0000 004c | 8b1c 184d | 8d5b 014c | 891c 180f | 841a 0000 

  0x000001cb1fd4b7d0: ;   {metadata(method data for {method} {0x000001cb7e6ab5e8} 'collectCreators' '(Lcom/fasterxml/jackson/databind/AnnotationIntrospector;Lcom/fasterxml/jackson/databind/type/TypeFactory;Lcom/fasterxml/jackson/databind/introspect/TypeResolutionContext;Lcom/fasterxml/jackson/databind/JavaType;Ljava/lang/Class;Z)Lcom/fasterxml/jackson/databind/introspect/AnnotatedClass$Creators;' in 'com/fasterxml/jackson/databind/introspect/AnnotatedCreatorCollector')}
  0x000001cb1fd4b7d0: 0048 b888 | 7129 7fcb | 0100 00ff | 8030 0100 | 00b8 0100 | 0000 e905 | 0000 00b8 | 0000 0000 
  0x000001cb1fd4b7f0: 480b c148 

  0x000001cb1fd4b7f4: ;   {metadata('com/fasterxml/jackson/databind/introspect/AnnotatedCreatorCollector')}
  0x000001cb1fd4b7f4: 8bda 48ba | 88bf 603c | cb01 0000 | 4c8b f64c | 8bef 4c8b | d849 8b87 | 0801 0000 | 488d 7820 
  0x000001cb1fd4b814: 493b bf18 | 0100 000f | 87da 0100 | 0049 89bf | 0801 0000 | 48c7 0001 | 0000 0048 | 8bca 49ba 
  0x000001cb1fd4b834: 0000 003b | cb01 0000 | 492b ca89 | 4808 4833 | c989 480c | 4833 c948 | 8948 1048 | 8948 1848 
  0x000001cb1fd4b854: ;   {metadata(method data for {method} {0x000001cb7e6ab5e8} 'collectCreators' '(Lcom/fasterxml/jackson/databind/AnnotationIntrospector;Lcom/fasterxml/jackson/databind/type/TypeFactory;Lcom/fasterxml/jackson/databind/introspect/TypeResolutionContext;Lcom/fasterxml/jackson/databind/JavaType;Ljava/lang/Class;Z)Lcom/fasterxml/jackson/databind/introspect/AnnotatedClass$Creators;' in 'com/fasterxml/jackson/databind/introspect/AnnotatedCreatorCollector')}
  0x000001cb1fd4b854: 8bf8 48ba | 8871 297f | cb01 0000 | 4883 8248 | 0100 0001 

  0x000001cb1fd4b868: ;   {metadata(method data for {method} {0x000001cb7e6ab4e8} '<init>' '(Lcom/fasterxml/jackson/databind/AnnotationIntrospector;Lcom/fasterxml/jackson/databind/introspect/TypeResolutionContext;Z)V' in 'com/fasterxml/jackson/databind/introspect/AnnotatedCreatorCollector')}
  0x000001cb1fd4b868: 48bf d0d7 | 377f cb01 | 0000 8b97 | cc00 0000 | 83c2 0289 | 97cc 0000 | 0081 e2fe | ff1f 0083 
  0x000001cb1fd4b888: fa00 0f84 | 7801 0000 

  0x000001cb1fd4b890: ;   {metadata(method data for {method} {0x000001cb7e6ab4e8} '<init>' '(Lcom/fasterxml/jackson/databind/AnnotationIntrospector;Lcom/fasterxml/jackson/databind/introspect/TypeResolutionContext;Z)V' in 'com/fasterxml/jackson/databind/introspect/AnnotatedCreatorCollector')}
  0x000001cb1fd4b890: 488b f848 | bad0 d737 | 7fcb 0100 | 0048 8382 | 1001 0000 

  0x000001cb1fd4b8a4: ;   {metadata(method data for {method} {0x000001cb7e690e38} '<init>' '(Lcom/fasterxml/jackson/databind/AnnotationIntrospector;)V' in 'com/fasterxml/jackson/databind/introspect/CollectorBase')}
  0x000001cb1fd4b8a4: 0148 bf80 | 9931 7fcb | 0100 008b | 97cc 0000 | 0083 c202 | 8997 cc00 | 0000 81e2 | feff 1f00 
  0x000001cb1fd4b8c4: 83fa 000f | 845c 0100 | 0048 8bf8 

  0x000001cb1fd4b8d0: ;   {metadata(method data for {method} {0x000001cb7e690e38} '<init>' '(Lcom/fasterxml/jackson/databind/AnnotationIntrospector;)V' in 'com/fasterxml/jackson/databind/introspect/CollectorBase')}
  0x000001cb1fd4b8d0: 48ba 8099 | 317f cb01 | 0000 4883 | 8210 0100 

  0x000001cb1fd4b8e0: ;   {metadata(method data for {method} {0x000001cb3b4489e0} '<init>' '()V' in 'java/lang/Object')}
  0x000001cb1fd4b8e0: 0001 48bf | d07e 007c | cb01 0000 | 8b97 cc00 | 0000 83c2 | 0289 97cc | 0000 0081 | e2fe ff1f 
  0x000001cb1fd4b900: 0083 fa00 | 0f84 4001 | 0000 410f | be7f 3883 | ff00 0f85 | 5301 0000 | 4c8b d349 | c1ea 0344 
  0x000001cb1fd4b920: 8950 0c48 | 8bf8 4833 | fb48 c1ef | 1548 83ff | 000f 8553 | 0100 0041 | 0fbe 7f38 | c7ff 000f 
  0x000001cb1fd4b940: 855d 0100 | 004d 8bd1 | 49c1 ea03 | 4489 5014 | 488b f849 | 33f9 48c1 | ef15 4883 | ff00 0f85 
  0x000001cb1fd4b960: 5d01 0000 | 498b fb83 | e701 4088 | 7810 488b 

  0x000001cb1fd4b970: ;   {metadata(method data for {method} {0x000001cb7e6ab5e8} 'collectCreators' '(Lcom/fasterxml/jackson/databind/AnnotationIntrospector;Lcom/fasterxml/jackson/databind/type/TypeFactory;Lcom/fasterxml/jackson/databind/introspect/TypeResolutionContext;Lcom/fasterxml/jackson/databind/JavaType;Ljava/lang/Class;Z)Lcom/fasterxml/jackson/databind/introspect/AnnotatedClass$Creators;' in 'com/fasterxml/jackson/databind/introspect/AnnotatedCreatorCollector')}
  0x000001cb1fd4b970: f848 ba88 | 7129 7fcb | 0100 0048 | 8382 5801 | 0000 0149 | 8bf0 4c8b | c64c 894c | 2468 4d8b 
  0x000001cb1fd4b990: cd49 8bfe | 488b d048 | 899c 2490 | 0000 0044 | 899c 2488 | 0000 004c | 89ac 2480 | 0000 004c 
  0x000001cb1fd4b9b0: 8974 2478 | 4889 7424 | 7066 0f1f 

  0x000001cb1fd4b9bc: ;   {optimized virtual_call}
  0x000001cb1fd4b9bc: 4400 00e8 

  0x000001cb1fd4b9c0: ; ImmutableOopMap {[144]=Oop [104]=Oop [112]=Oop [120]=Oop [128]=Oop }
                      ;*invokevirtual collect {reexecute=0 rethrow=0 return_oop=0}
                      ; - com.fasterxml.jackson.databind.introspect.AnnotatedCreatorCollector::collectCreators@30 (line 61)
  0x000001cb1fd4b9c0: 6101 0000 | 4881 c4a0 | 0000 005d 

  0x000001cb1fd4b9cc: ;   {poll_return}
  0x000001cb1fd4b9cc: 493b a748 | 0300 000f | 8700 0100 

  0x000001cb1fd4b9d8: ;   {metadata({method} {0x000001cb7e6ab5e8} 'collectCreators' '(Lcom/fasterxml/jackson/databind/AnnotationIntrospector;Lcom/fasterxml/jackson/databind/type/TypeFactory;Lcom/fasterxml/jackson/databind/introspect/TypeResolutionContext;Lcom/fasterxml/jackson/databind/JavaType;Ljava/lang/Class;Z)Lcom/fasterxml/jackson/databind/introspect/AnnotatedClass$Creators;' in 'com/fasterxml/jackson/databind/introspect/AnnotatedCreatorCollector')}
  0x000001cb1fd4b9d8: 00c3 49ba | e0b5 6a7e | cb01 0000 | 4c89 5424 | 0848 c704 | 24ff ffff 

  0x000001cb1fd4b9f0: ;   {runtime_call counter_overflow Runtime1 stub}
  0x000001cb1fd4b9f0: ffe8 8af8 

  0x000001cb1fd4b9f4: ; ImmutableOopMap {rdx=Oop r8=Oop r9=Oop rdi=Oop rsi=Oop }
                      ;*synchronization entry
                      ; - com.fasterxml.jackson.databind.introspect.AnnotatedCreatorCollector::collectCreators@-1 (line 57)
  0x000001cb1fd4b9f4: 2406 e99c | fdff ff48 

  0x000001cb1fd4b9fc: ;   {runtime_call fast_new_instance Runtime1 stub}
  0x000001cb1fd4b9fc: 8bd2 e87d 

  0x000001cb1fd4ba00: ; ImmutableOopMap {r8=Oop r9=Oop rbx=Oop r13=Oop r14=Oop }
                      ;*new {reexecute=0 rethrow=0 return_oop=0}
                      ; - com.fasterxml.jackson.databind.introspect.AnnotatedCreatorCollector::collectCreators@15 (line 60)
  0x000001cb1fd4ba00: b024 06e9 | 4bfe ffff 

  0x000001cb1fd4ba08: ;   {metadata({method} {0x000001cb7e6ab4e8} '<init>' '(Lcom/fasterxml/jackson/databind/AnnotationIntrospector;Lcom/fasterxml/jackson/databind/introspect/TypeResolutionContext;Z)V' in 'com/fasterxml/jackson/databind/introspect/AnnotatedCreatorCollector')}
  0x000001cb1fd4ba08: 49ba e0b4 | 6a7e cb01 | 0000 4c89 | 5424 0848 | c704 24ff 

  0x000001cb1fd4ba1c: ;   {runtime_call counter_overflow Runtime1 stub}
  0x000001cb1fd4ba1c: ffff ffe8 

  0x000001cb1fd4ba20: ; ImmutableOopMap {r8=Oop r9=Oop rbx=Oop r13=Oop r14=Oop rax=Oop }
                      ;*synchronization entry
                      ; - com.fasterxml.jackson.databind.introspect.AnnotatedCreatorCollector::<init>@-1 (line 43)
                      ; - com.fasterxml.jackson.databind.introspect.AnnotatedCreatorCollector::collectCreators@23 (line 60)
  0x000001cb1fd4ba20: 5cf8 2406 | e967 feff 

  0x000001cb1fd4ba28: ;   {metadata({method} {0x000001cb7e690e38} '<init>' '(Lcom/fasterxml/jackson/databind/AnnotationIntrospector;)V' in 'com/fasterxml/jackson/databind/introspect/CollectorBase')}
  0x000001cb1fd4ba28: ff49 ba30 | 0e69 7ecb | 0100 004c | 8954 2408 | 48c7 0424 | ffff ffff 

  0x000001cb1fd4ba40: ;   {runtime_call counter_overflow Runtime1 stub}
  0x000001cb1fd4ba40: e83b f824 

  0x000001cb1fd4ba44: ; ImmutableOopMap {r8=Oop r9=Oop rbx=Oop r13=Oop r14=Oop rax=Oop }
                      ;*synchronization entry
                      ; - com.fasterxml.jackson.databind.introspect.CollectorBase::<init>@-1 (line 18)
                      ; - com.fasterxml.jackson.databind.introspect.AnnotatedCreatorCollector::<init>@2 (line 43)
                      ; - com.fasterxml.jackson.databind.introspect.AnnotatedCreatorCollector::collectCreators@23 (line 60)
  0x000001cb1fd4ba44: 06e9 83fe 

  0x000001cb1fd4ba48: ;   {metadata({method} {0x000001cb3b4489e0} '<init>' '()V' in 'java/lang/Object')}
  0x000001cb1fd4ba48: ffff 49ba | d889 443b | cb01 0000 | 4c89 5424 | 0848 c704 | 24ff ffff 

  0x000001cb1fd4ba60: ;   {runtime_call counter_overflow Runtime1 stub}
  0x000001cb1fd4ba60: ffe8 1af8 

  0x000001cb1fd4ba64: ; ImmutableOopMap {r8=Oop r9=Oop rbx=Oop r13=Oop r14=Oop rax=Oop }
                      ;*synchronization entry
                      ; - java.lang.Object::<init>@-1 (line 44)
                      ; - com.fasterxml.jackson.databind.introspect.CollectorBase::<init>@1 (line 18)
                      ; - com.fasterxml.jackson.databind.introspect.AnnotatedCreatorCollector::<init>@2 (line 43)
                      ; - com.fasterxml.jackson.databind.introspect.AnnotatedCreatorCollector::collectCreators@23 (line 60)
  0x000001cb1fd4ba64: 2406 e99f | feff ff8b | 780c 48c1 | e703 4883 | ff00 0f84 | 9cfe ffff | 4889 3c24 

  0x000001cb1fd4ba80: ;   {runtime_call g1_pre_barrier_slow}
  0x000001cb1fd4ba80: e8fb fd24 | 06e9 8efe | ffff 4883 | fb00 0f84 | a3fe ffff | 4889 0424 

  0x000001cb1fd4ba98: ;   {runtime_call g1_post_barrier_slow}
  0x000001cb1fd4ba98: e8e3 0025 | 06e9 95fe | ffff 8b78 | 1448 c1e7 | 0348 83ff | 000f 8492 | feff ff48 

  0x000001cb1fd4bab4: ;   {runtime_call g1_pre_barrier_slow}
  0x000001cb1fd4bab4: 893c 24e8 | c4fd 2406 | e984 feff | ff49 83f9 | 000f 8499 | feff ff48 

  0x000001cb1fd4bacc: ;   {runtime_call g1_post_barrier_slow}
  0x000001cb1fd4bacc: 8904 24e8 | ac00 2506 | e98b feff 

  0x000001cb1fd4bad8: ;   {internal_word}
  0x000001cb1fd4bad8: ff49 bacc | b9d4 1fcb | 0100 004d | 8997 6003 

  0x000001cb1fd4bae8: ;   {runtime_call SafepointBlob}
  0x000001cb1fd4bae8: 0000 e911 | 7919 0690 | 9049 8b87 | d803 0000 | 49c7 87d8 | 0300 0000 | 0000 0049 | c787 e003 
  0x000001cb1fd4bb08: 0000 0000 | 0000 4881 | c4a0 0000 

  0x000001cb1fd4bb14: ;   {runtime_call unwind_exception Runtime1 stub}
  0x000001cb1fd4bb14: 005d e9e5 | 8a24 06f4 | f4f4 f4f4 
[Stub Code]
  0x000001cb1fd4bb20: ;   {no_reloc}
  0x000001cb1fd4bb20: 0f1f 4400 

  0x000001cb1fd4bb24: ;   {static_stub}
  0x000001cb1fd4bb24: 0048 bbb0 | b76a 7ecb 

  0x000001cb1fd4bb2c: ;   {runtime_call I2C/C2I adapters}
  0x000001cb1fd4bb2c: 0100 00e9 | b17b 1806 
[Exception Handler]
  0x000001cb1fd4bb34: ;   {runtime_call handle_exception_from_callee Runtime1 stub}
  0x000001cb1fd4bb34: e847 c424 

  0x000001cb1fd4bb38: ;   {external_word}
  0x000001cb1fd4bb38: 0648 b990 | f0ac 4efc | 7f00 0048 

  0x000001cb1fd4bb44: ;   {runtime_call}
  0x000001cb1fd4bb44: 83e4 f049 | ba20 f97a | 4efc 7f00 | 0041 ffd2 

  0x000001cb1fd4bb54: ;   {section_word}
  0x000001cb1fd4bb54: f449 ba55 | bbd4 1fcb | 0100 0041 

  0x000001cb1fd4bb60: ;   {runtime_call DeoptimizationBlob}
  0x000001cb1fd4bb60: 52e9 3a6b | 1906 f4f4 
[/MachCode]


---------------  P R O C E S S  ---------------

Threads class SMR info:
_java_thread_list=0x000001cb04cb6930, length=65, elements={
0x000001cb3a582fb0, 0x000001cb3a583c30, 0x000001cb3a6a40a0, 0x000001cb3a6a5980,
0x000001cb3a6a7660, 0x000001cb3a6a7f30, 0x000001cb3a6a8ff0, 0x000001cb3a6addc0,
0x000001cb3a6b86f0, 0x000001cb3a78b070, 0x000001cb3a854560, 0x000001cb3a859180,
0x000001cb3a877820, 0x000001cb3a87c200, 0x000001cb051a9290, 0x000001cb042f5830,
0x000001cb025694f0, 0x000001cb0256c790, 0x000001cb02569f10, 0x000001cb0256c280,
0x000001cb02568fe0, 0x000001cb02569a00, 0x000001cb0256ae40, 0x000001cb0256a420,
0x000001cb0256a930, 0x000001cb0256b350, 0x000001cb0bf1d5a0, 0x000001cb0bf1d090,
0x000001cb0bf1cb80, 0x000001cb0bf1a300, 0x000001cb0bf17060, 0x000001cb0bf1dab0,
0x000001cb0bf1e4d0, 0x000001cb0bf1c160, 0x000001cb0bf1a810, 0x000001cb0bf1dfc0,
0x000001cb0bf1c670, 0x000001cb0bf19df0, 0x000001cb0bf198e0, 0x000001cb0bf18ec0,
0x000001cb0bf1b230, 0x000001cb0bf1ad20, 0x000001cb0bf17570, 0x000001cb0bf1b740,
0x000001cb0bf1bc50, 0x000001cb0bf189b0, 0x000001cb0bf17a80, 0x000001cb0bf17f90,
0x000001cb0bf184a0, 0x000001cb0819aba0, 0x000001cb08198d40, 0x000001cb0819b5c0,
0x000001cb08199760, 0x000001cb0819bad0, 0x000001cb0819ed70, 0x000001cb0819b0b0,
0x000001cb0819a180, 0x000001cb0819c4f0, 0x000001cb0819e350, 0x000001cb0819cf10,
0x000001cb08199250, 0x000001cb0819f280, 0x000001cb08197e10, 0x000001cb0819bfe0,
0x000001cb0819ca00
}

Java Threads: ( => current thread )
  0x000001cb3a582fb0 JavaThread "Reference Handler" daemon [_thread_blocked, id=21996, stack(0x000000875b700000,0x000000875b800000)]
  0x000001cb3a583c30 JavaThread "Finalizer" daemon [_thread_blocked, id=22000, stack(0x000000875b800000,0x000000875b900000)]
  0x000001cb3a6a40a0 JavaThread "Signal Dispatcher" daemon [_thread_blocked, id=22004, stack(0x000000875b900000,0x000000875ba00000)]
  0x000001cb3a6a5980 JavaThread "Attach Listener" daemon [_thread_blocked, id=22008, stack(0x000000875ba00000,0x000000875bb00000)]
  0x000001cb3a6a7660 JavaThread "Service Thread" daemon [_thread_blocked, id=22012, stack(0x000000875bb00000,0x000000875bc00000)]
  0x000001cb3a6a7f30 JavaThread "Monitor Deflation Thread" daemon [_thread_blocked, id=22016, stack(0x000000875bc00000,0x000000875bd00000)]
  0x000001cb3a6a8ff0 JavaThread "C2 CompilerThread0" daemon [_thread_blocked, id=22020, stack(0x000000875bd00000,0x000000875be00000)]
  0x000001cb3a6addc0 JavaThread "C1 CompilerThread0" daemon [_thread_blocked, id=22024, stack(0x000000875be00000,0x000000875bf00000)]
  0x000001cb3a6b86f0 JavaThread "Sweeper thread" daemon [_thread_blocked, id=22028, stack(0x000000875bf00000,0x000000875c000000)]
  0x000001cb3a78b070 JavaThread "Common-Cleaner" daemon [_thread_blocked, id=22032, stack(0x000000875c000000,0x000000875c100000)]
  0x000001cb3a854560 JavaThread "JDWP Transport Listener: dt_socket" daemon [_thread_blocked, id=22036, stack(0x000000875c100000,0x000000875c200000)]
  0x000001cb3a859180 JavaThread "JDWP Event Helper Thread" daemon [_thread_blocked, id=22044, stack(0x000000875c200000,0x000000875c300000)]
  0x000001cb3a877820 JavaThread "JDWP Command Reader" daemon [_thread_in_native, id=22052, stack(0x000000875c300000,0x000000875c400000)]
  0x000001cb3a87c200 JavaThread "Notification Thread" daemon [_thread_blocked, id=22076, stack(0x000000875c400000,0x000000875c500000)]
  0x000001cb051a9290 JavaThread "Catalina-utility-1" [_thread_blocked, id=22412, stack(0x000000875d300000,0x000000875d400000)]
  0x000001cb042f5830 JavaThread "Catalina-utility-2" [_thread_blocked, id=22416, stack(0x000000875d400000,0x000000875d500000)]
  0x000001cb025694f0 JavaThread "container-0" [_thread_blocked, id=22420, stack(0x000000875d500000,0x000000875d600000)]
  0x000001cb0256c790 JavaThread "boundedElastic-evictor-1" daemon [_thread_blocked, id=22424, stack(0x000000875d600000,0x000000875d700000)]
  0x000001cb02569f10 JavaThread "spring.cloud.inetutils" daemon [_thread_blocked, id=22428, stack(0x000000875d700000,0x000000875d800000)]
  0x000001cb0256c280 JavaThread "AsyncResolver-bootstrap-0" daemon [_thread_blocked, id=22464, stack(0x000000875d800000,0x000000875d900000)]
  0x000001cb02568fe0 JavaThread "DiscoveryClient-0" daemon [_thread_blocked, id=22504, stack(0x000000875d100000,0x000000875d200000)]
  0x000001cb02569a00 JavaThread "DiscoveryClient-1" daemon [_thread_blocked, id=22508, stack(0x000000875da00000,0x000000875db00000)]
  0x000001cb0256ae40 JavaThread "DiscoveryClient-InstanceInfoReplicator-0" daemon [_thread_blocked, id=22512, stack(0x000000875db00000,0x000000875dc00000)]
  0x000001cb0256a420 JavaThread "http-nio-8081-exec-1" daemon [_thread_blocked, id=648, stack(0x000000875dd00000,0x000000875de00000)]
  0x000001cb0256a930 JavaThread "http-nio-8081-exec-2" daemon [_thread_blocked, id=15876, stack(0x000000875de00000,0x000000875df00000)]
  0x000001cb0256b350 JavaThread "http-nio-8081-exec-3" daemon [_thread_blocked, id=19028, stack(0x000000875df00000,0x000000875e000000)]
  0x000001cb0bf1d5a0 JavaThread "http-nio-8081-exec-4" daemon [_thread_blocked, id=19296, stack(0x000000875e000000,0x000000875e100000)]
  0x000001cb0bf1d090 JavaThread "http-nio-8081-exec-5" daemon [_thread_blocked, id=20420, stack(0x000000875e100000,0x000000875e200000)]
  0x000001cb0bf1cb80 JavaThread "http-nio-8081-exec-6" daemon [_thread_blocked, id=21512, stack(0x000000875e200000,0x000000875e300000)]
  0x000001cb0bf1a300 JavaThread "http-nio-8081-exec-7" daemon [_thread_blocked, id=18828, stack(0x000000875e300000,0x000000875e400000)]
  0x000001cb0bf17060 JavaThread "http-nio-8081-exec-8" daemon [_thread_blocked, id=21508, stack(0x000000875e400000,0x000000875e500000)]
  0x000001cb0bf1dab0 JavaThread "http-nio-8081-exec-9" daemon [_thread_blocked, id=20664, stack(0x000000875e500000,0x000000875e600000)]
  0x000001cb0bf1e4d0 JavaThread "http-nio-8081-exec-10" daemon [_thread_blocked, id=708, stack(0x000000875e600000,0x000000875e700000)]
  0x000001cb0bf1c160 JavaThread "http-nio-8081-Poller" daemon [_thread_in_native, id=21516, stack(0x000000875e700000,0x000000875e800000)]
  0x000001cb0bf1a810 JavaThread "http-nio-8081-Acceptor" daemon [_thread_in_native, id=15848, stack(0x000000875e800000,0x000000875e900000)]
  0x000001cb0bf1dfc0 JavaThread "DestroyJavaVM" [_thread_blocked, id=21968, stack(0x000000875b000000,0x000000875b100000)]
=>0x000001cb0bf1c670 JavaThread "DiscoveryClient-HeartbeatExecutor-0" daemon [_thread_in_Java, id=7984, stack(0x000000875e900000,0x000000875ea00000)]
  0x000001cb0bf19df0 JavaThread "DiscoveryClient-CacheRefreshExecutor-0" daemon [_thread_blocked, id=8120, stack(0x000000875ea00000,0x000000875eb00000)]
  0x000001cb0bf198e0 JavaThread "parallel-1" daemon [_thread_blocked, id=21684, stack(0x000000875ed00000,0x000000875ee00000)]
  0x000001cb0bf18ec0 JavaThread "parallel-2" daemon [_thread_blocked, id=21692, stack(0x000000875ef00000,0x000000875f000000)]
  0x000001cb0bf1b230 JavaThread "pool-11-thread-1" daemon [_thread_blocked, id=21676, stack(0x000000875f000000,0x000000875f100000)]
  0x000001cb0bf1ad20 JavaThread "parallel-3" daemon [_thread_blocked, id=17992, stack(0x000000875eb00000,0x000000875ec00000)]
  0x000001cb0bf17570 JavaThread "reactor-http-nio-1" daemon [_thread_in_native, id=15920, stack(0x000000875ee00000,0x000000875ef00000)]
  0x000001cb0bf1b740 JavaThread "reactor-http-nio-2" daemon [_thread_in_native, id=17580, stack(0x000000875f100000,0x000000875f200000)]
  0x000001cb0bf1bc50 JavaThread "reactor-http-nio-3" daemon [_thread_in_native, id=19872, stack(0x000000875f200000,0x000000875f300000)]
  0x000001cb0bf189b0 JavaThread "reactor-http-nio-4" daemon [_thread_in_native, id=19328, stack(0x000000875f300000,0x000000875f400000)]
  0x000001cb0bf17a80 JavaThread "reactor-http-nio-5" daemon [_thread_in_native, id=18924, stack(0x000000875f400000,0x000000875f500000)]
  0x000001cb0bf17f90 JavaThread "reactor-http-nio-6" daemon [_thread_in_native, id=19112, stack(0x000000875f500000,0x000000875f600000)]
  0x000001cb0bf184a0 JavaThread "reactor-http-nio-7" daemon [_thread_in_native, id=18896, stack(0x000000875f600000,0x000000875f700000)]
  0x000001cb0819aba0 JavaThread "reactor-http-nio-8" daemon [_thread_in_native, id=19264, stack(0x000000875f700000,0x000000875f800000)]
  0x000001cb08198d40 JavaThread "reactor-http-nio-9" daemon [_thread_in_native, id=19292, stack(0x000000875f800000,0x000000875f900000)]
  0x000001cb0819b5c0 JavaThread "reactor-http-nio-10" daemon [_thread_in_native, id=18824, stack(0x000000875f900000,0x000000875fa00000)]
  0x000001cb08199760 JavaThread "reactor-http-nio-11" daemon [_thread_in_native, id=17800, stack(0x000000875fa00000,0x000000875fb00000)]
  0x000001cb0819bad0 JavaThread "reactor-http-nio-12" daemon [_thread_in_native, id=21620, stack(0x000000875fb00000,0x000000875fc00000)]
  0x000001cb0819ed70 JavaThread "Thread-15" daemon [_thread_in_native, id=10368, stack(0x000000875fc00000,0x000000875fd00000)]
  0x000001cb0819b0b0 JavaThread "parallel-4" daemon [_thread_blocked, id=11928, stack(0x000000875fd00000,0x000000875fe00000)]
  0x000001cb0819a180 JavaThread "parallel-5" daemon [_thread_blocked, id=21092, stack(0x000000875ff00000,0x0000008760000000)]
  0x000001cb0819c4f0 JavaThread "parallel-6" daemon [_thread_blocked, id=21056, stack(0x0000008760000000,0x0000008760100000)]
  0x000001cb0819e350 JavaThread "parallel-7" daemon [_thread_blocked, id=21012, stack(0x0000008760200000,0x0000008760300000)]
  0x000001cb0819cf10 JavaThread "parallel-8" daemon [_thread_blocked, id=21016, stack(0x0000008760300000,0x0000008760400000)]
  0x000001cb08199250 JavaThread "parallel-9" daemon [_thread_blocked, id=21004, stack(0x0000008760400000,0x0000008760500000)]
  0x000001cb0819f280 JavaThread "parallel-10" daemon [_thread_blocked, id=22212, stack(0x0000008760100000,0x0000008760200000)]
  0x000001cb08197e10 JavaThread "parallel-11" daemon [_thread_blocked, id=1604, stack(0x000000875ad00000,0x000000875ae00000)]
  0x000001cb0819bfe0 JavaThread "parallel-12" daemon [_thread_blocked, id=16256, stack(0x000000875ae00000,0x000000875af00000)]
  0x000001cb0819ca00 JavaThread "AsyncResolver-bootstrap-executor-0" daemon [_thread_blocked, id=17776, stack(0x000000875c600000,0x000000875c700000)]

Other Threads:
  0x000001cb3a57d4a0 VMThread "VM Thread" [stack: 0x000000875b600000,0x000000875b700000] [id=21992]
  0x000001cb3a843f70 WatcherThread [stack: 0x000000875c500000,0x000000875c600000] [id=22080]
  0x000001cb159519d0 GCTaskThread "GC Thread#0" [stack: 0x000000875b100000,0x000000875b200000] [id=21972]
  0x000001cb0093bb50 GCTaskThread "GC Thread#1" [stack: 0x000000875c700000,0x000000875c800000] [id=22160]
  0x000001cb00419a30 GCTaskThread "GC Thread#2" [stack: 0x000000875c800000,0x000000875c900000] [id=22164]
  0x000001cb007fdf90 GCTaskThread "GC Thread#3" [stack: 0x000000875c900000,0x000000875ca00000] [id=22168]
  0x000001cb007fe250 GCTaskThread "GC Thread#4" [stack: 0x000000875ca00000,0x000000875cb00000] [id=22172]
  0x000001cb0059c180 GCTaskThread "GC Thread#5" [stack: 0x000000875cb00000,0x000000875cc00000] [id=22176]
  0x000001cb005b7c40 GCTaskThread "GC Thread#6" [stack: 0x000000875cc00000,0x000000875cd00000] [id=22180]
  0x000001cb009583b0 GCTaskThread "GC Thread#7" [stack: 0x000000875cd00000,0x000000875ce00000] [id=22184]
  0x000001cb00958670 GCTaskThread "GC Thread#8" [stack: 0x000000875ce00000,0x000000875cf00000] [id=22188]
  0x000001cb00c55a70 GCTaskThread "GC Thread#9" [stack: 0x000000875cf00000,0x000000875d000000] [id=22276]
  0x000001cb15961e60 ConcurrentGCThread "G1 Main Marker" [stack: 0x000000875b200000,0x000000875b300000] [id=21976]
  0x000001cb15962770 ConcurrentGCThread "G1 Conc#0" [stack: 0x000000875b300000,0x000000875b400000] [id=21980]
  0x000001cb02889b80 ConcurrentGCThread "G1 Conc#1" [stack: 0x000000875d000000,0x000000875d100000] [id=22400]
  0x000001cb02889e40 ConcurrentGCThread "G1 Conc#2" [stack: 0x000000875d200000,0x000000875d300000] [id=22404]
  0x000001cb3a4381d0 ConcurrentGCThread "G1 Refine#0" [stack: 0x000000875b400000,0x000000875b500000] [id=21984]
  0x000001cb3a439b10 ConcurrentGCThread "G1 Service" [stack: 0x000000875b500000,0x000000875b600000] [id=21988]

Threads with active compile tasks:

VM state: not at safepoint (normal execution)

VM Mutex/Monitor currently owned by a thread: None

Heap address: 0x0000000709c00000, size: 3940 MB, Compressed Oops mode: Zero based, Oop shift amount: 3

CDS archive(s) mapped at: [0x000001cb3b000000-0x000001cb3bbd0000-0x000001cb3bbd0000), size 12386304, SharedBaseAddress: 0x000001cb3b000000, ArchiveRelocationMode: 1.
Compressed class space mapped at: 0x000001cb3c000000-0x000001cb7c000000, reserved size: 1073741824
Narrow klass base: 0x000001cb3b000000, Narrow klass shift: 0, Narrow klass range: 0x100000000

GC Precious Log:
 CPUs: 12 total, 12 available
 Memory: 15753M
 Large Page Support: Disabled
 NUMA Support: Disabled
 Compressed Oops: Enabled (Zero based)
 Heap Region Size: 2M
 Heap Min Capacity: 8M
 Heap Initial Capacity: 248M
 Heap Max Capacity: 3940M
 Pre-touch: Disabled
 Parallel Workers: 10
 Concurrent Workers: 3
 Concurrent Refinement Workers: 10
 Periodic GC: Disabled

Heap:
 garbage-first heap   total 122880K, used 98478K [0x0000000709c00000, 0x0000000800000000)
  region size 2048K, 36 young (73728K), 3 survivors (6144K)
 Metaspace       used 59975K, committed 60544K, reserved 1114112K
  class space    used 7476K, committed 7808K, reserved 1048576K

Heap Regions: E=young(eden), S=young(survivor), O=old, HS=humongous(starts), HC=humongous(continues), CS=collection set, F=free, OA=open archive, CA=closed archive, TAMS=top-at-mark-start (previous, next)
|   0|0x0000000709c00000, 0x0000000709e00000, 0x0000000709e00000|100%| O|  |TAMS 0x0000000709e00000, 0x0000000709c00000| Untracked 
|   1|0x0000000709e00000, 0x000000070a000000, 0x000000070a000000|100%| O|  |TAMS 0x000000070a000000, 0x0000000709e00000| Untracked 
|   2|0x000000070a000000, 0x000000070a200000, 0x000000070a200000|100%| O|  |TAMS 0x000000070a200000, 0x000000070a000000| Untracked 
|   3|0x000000070a200000, 0x000000070a400000, 0x000000070a400000|100%| O|  |TAMS 0x000000070a400000, 0x000000070a200000| Untracked 
|   4|0x000000070a400000, 0x000000070a600000, 0x000000070a600000|100%| O|  |TAMS 0x000000070a600000, 0x000000070a400000| Untracked 
|   5|0x000000070a600000, 0x000000070a800000, 0x000000070a800000|100%| O|  |TAMS 0x000000070a800000, 0x000000070a600000| Untracked 
|   6|0x000000070a800000, 0x000000070aa00000, 0x000000070aa00000|100%| O|  |TAMS 0x000000070aa00000, 0x000000070a800000| Untracked 
|   7|0x000000070aa00000, 0x000000070ac00000, 0x000000070ac00000|100%| O|  |TAMS 0x000000070ac00000, 0x000000070aa00000| Untracked 
|   8|0x000000070ac00000, 0x000000070ae00000, 0x000000070ae00000|100%| O|  |TAMS 0x000000070ae00000, 0x000000070ac00000| Untracked 
|   9|0x000000070ae00000, 0x000000070b000000, 0x000000070b000000|100%| O|  |TAMS 0x000000070b000000, 0x000000070ae00000| Untracked 
|  10|0x000000070b000000, 0x000000070b200000, 0x000000070b200000|100%| O|  |TAMS 0x000000070b200000, 0x000000070b000000| Untracked 
|  11|0x000000070b200000, 0x000000070b400000, 0x000000070b400000|100%| O|  |TAMS 0x000000070b400000, 0x000000070b200000| Untracked 
|  12|0x000000070b400000, 0x000000070b600000, 0x000000070b600000|100%| O|  |TAMS 0x000000070b600000, 0x000000070b400000| Untracked 
|  13|0x000000070b600000, 0x000000070b739200, 0x000000070b800000| 61%| O|  |TAMS 0x000000070b739200, 0x000000070b600000| Complete 
|  14|0x000000070b800000, 0x000000070b800000, 0x000000070ba00000|  0%| F|  |TAMS 0x000000070b800000, 0x000000070b800000| Untracked 
|  15|0x000000070ba00000, 0x000000070ba00000, 0x000000070bc00000|  0%| F|  |TAMS 0x000000070ba00000, 0x000000070ba00000| Untracked 
|  16|0x000000070bc00000, 0x000000070bc00000, 0x000000070be00000|  0%| F|  |TAMS 0x000000070bc00000, 0x000000070bc00000| Untracked 
|  17|0x000000070be00000, 0x000000070be00000, 0x000000070c000000|  0%| F|  |TAMS 0x000000070be00000, 0x000000070be00000| Untracked 
|  18|0x000000070c000000, 0x000000070c000000, 0x000000070c200000|  0%| F|  |TAMS 0x000000070c000000, 0x000000070c000000| Untracked 
|  19|0x000000070c200000, 0x000000070c200000, 0x000000070c400000|  0%| F|  |TAMS 0x000000070c200000, 0x000000070c200000| Untracked 
|  20|0x000000070c400000, 0x000000070c400000, 0x000000070c600000|  0%| F|  |TAMS 0x000000070c400000, 0x000000070c400000| Untracked 
|  21|0x000000070c600000, 0x000000070c600000, 0x000000070c800000|  0%| F|  |TAMS 0x000000070c600000, 0x000000070c600000| Untracked 
|  22|0x000000070c800000, 0x000000070c800000, 0x000000070ca00000|  0%| F|  |TAMS 0x000000070c800000, 0x000000070c800000| Untracked 
|  23|0x000000070ca00000, 0x000000070ca00000, 0x000000070cc00000|  0%| F|  |TAMS 0x000000070ca00000, 0x000000070ca00000| Untracked 
|  24|0x000000070cc00000, 0x000000070ccb86a8, 0x000000070ce00000| 36%| E|  |TAMS 0x000000070cc00000, 0x000000070cc00000| Complete 
|  25|0x000000070ce00000, 0x000000070d000000, 0x000000070d000000|100%| E|CS|TAMS 0x000000070ce00000, 0x000000070ce00000| Complete 
|  26|0x000000070d000000, 0x000000070d200000, 0x000000070d200000|100%| E|CS|TAMS 0x000000070d000000, 0x000000070d000000| Complete 
|  27|0x000000070d200000, 0x000000070d400000, 0x000000070d400000|100%| E|CS|TAMS 0x000000070d200000, 0x000000070d200000| Complete 
|  28|0x000000070d400000, 0x000000070d600000, 0x000000070d600000|100%| E|CS|TAMS 0x000000070d400000, 0x000000070d400000| Complete 
|  29|0x000000070d600000, 0x000000070d800000, 0x000000070d800000|100%| E|CS|TAMS 0x000000070d600000, 0x000000070d600000| Complete 
|  30|0x000000070d800000, 0x000000070da00000, 0x000000070da00000|100%| E|CS|TAMS 0x000000070d800000, 0x000000070d800000| Complete 
|  31|0x000000070da00000, 0x000000070dc00000, 0x000000070dc00000|100%| E|CS|TAMS 0x000000070da00000, 0x000000070da00000| Complete 
|  32|0x000000070dc00000, 0x000000070de00000, 0x000000070de00000|100%| E|CS|TAMS 0x000000070dc00000, 0x000000070dc00000| Complete 
|  33|0x000000070de00000, 0x000000070e000000, 0x000000070e000000|100%| E|CS|TAMS 0x000000070de00000, 0x000000070de00000| Complete 
|  34|0x000000070e000000, 0x000000070e200000, 0x000000070e200000|100%| E|CS|TAMS 0x000000070e000000, 0x000000070e000000| Complete 
|  35|0x000000070e200000, 0x000000070e400000, 0x000000070e400000|100%| E|CS|TAMS 0x000000070e200000, 0x000000070e200000| Complete 
|  36|0x000000070e400000, 0x000000070e600000, 0x000000070e600000|100%| E|CS|TAMS 0x000000070e400000, 0x000000070e400000| Complete 
|  37|0x000000070e600000, 0x000000070e800000, 0x000000070e800000|100%| E|CS|TAMS 0x000000070e600000, 0x000000070e600000| Complete 
|  38|0x000000070e800000, 0x000000070ea00000, 0x000000070ea00000|100%| E|CS|TAMS 0x000000070e800000, 0x000000070e800000| Complete 
|  39|0x000000070ea00000, 0x000000070ec00000, 0x000000070ec00000|100%| E|CS|TAMS 0x000000070ea00000, 0x000000070ea00000| Complete 
|  40|0x000000070ec00000, 0x000000070ee00000, 0x000000070ee00000|100%| E|CS|TAMS 0x000000070ec00000, 0x000000070ec00000| Complete 
|  41|0x000000070ee00000, 0x000000070f000000, 0x000000070f000000|100%| E|CS|TAMS 0x000000070ee00000, 0x000000070ee00000| Complete 
|  42|0x000000070f000000, 0x000000070f200000, 0x000000070f200000|100%| E|CS|TAMS 0x000000070f000000, 0x000000070f000000| Complete 
|  43|0x000000070f200000, 0x000000070f400000, 0x000000070f400000|100%| E|CS|TAMS 0x000000070f200000, 0x000000070f200000| Complete 
|  44|0x000000070f400000, 0x000000070f600000, 0x000000070f600000|100%| E|CS|TAMS 0x000000070f400000, 0x000000070f400000| Complete 
|  45|0x000000070f600000, 0x000000070f800000, 0x000000070f800000|100%| E|CS|TAMS 0x000000070f600000, 0x000000070f600000| Complete 
|  46|0x000000070f800000, 0x000000070fa00000, 0x000000070fa00000|100%| E|CS|TAMS 0x000000070f800000, 0x000000070f800000| Complete 
|  47|0x000000070fa00000, 0x000000070fc00000, 0x000000070fc00000|100%| E|CS|TAMS 0x000000070fa00000, 0x000000070fa00000| Complete 
|  48|0x000000070fc00000, 0x000000070fe00000, 0x000000070fe00000|100%| E|CS|TAMS 0x000000070fc00000, 0x000000070fc00000| Complete 
|  49|0x000000070fe00000, 0x0000000710000000, 0x0000000710000000|100%| E|CS|TAMS 0x000000070fe00000, 0x000000070fe00000| Complete 
|  50|0x0000000710000000, 0x0000000710200000, 0x0000000710200000|100%| E|CS|TAMS 0x0000000710000000, 0x0000000710000000| Complete 
|  51|0x0000000710200000, 0x0000000710400000, 0x0000000710400000|100%| E|CS|TAMS 0x0000000710200000, 0x0000000710200000| Complete 
|  52|0x0000000710400000, 0x0000000710600000, 0x0000000710600000|100%| E|CS|TAMS 0x0000000710400000, 0x0000000710400000| Complete 
|  53|0x0000000710600000, 0x0000000710800000, 0x0000000710800000|100%| E|CS|TAMS 0x0000000710600000, 0x0000000710600000| Complete 
|  54|0x0000000710800000, 0x0000000710a00000, 0x0000000710a00000|100%| E|CS|TAMS 0x0000000710800000, 0x0000000710800000| Complete 
|  55|0x0000000710a00000, 0x0000000710c00000, 0x0000000710c00000|100%| E|CS|TAMS 0x0000000710a00000, 0x0000000710a00000| Complete 
|  61|0x0000000711600000, 0x00000007116f2768, 0x0000000711800000| 47%| S|CS|TAMS 0x0000000711600000, 0x0000000711600000| Complete 
|  62|0x0000000711800000, 0x0000000711a00000, 0x0000000711a00000|100%| S|CS|TAMS 0x0000000711800000, 0x0000000711800000| Complete 
|  63|0x0000000711a00000, 0x0000000711c00000, 0x0000000711c00000|100%| S|CS|TAMS 0x0000000711a00000, 0x0000000711a00000| Complete 
| 123|0x0000000719200000, 0x0000000719400000, 0x0000000719400000|100%| E|CS|TAMS 0x0000000719200000, 0x0000000719200000| Complete 

Card table byte_map: [0x000001cb2edb0000,0x000001cb2f570000] _byte_map_base: 0x000001cb2b562000

Marking Bits (Prev, Next): (CMBitMap*) 0x000001cb15951f30, (CMBitMap*) 0x000001cb15951ef0
 Prev Bits: [0x000001cb33ac0000, 0x000001cb37850000)
 Next Bits: [0x000001cb2fd30000, 0x000001cb33ac0000)

Polling page: 0x000001cb159a0000

Metaspace:

Usage:
  Non-class:     51.27 MB used.
      Class:      7.30 MB used.
       Both:     58.57 MB used.

Virtual space:
  Non-class space:       64.00 MB reserved,      51.50 MB ( 80%) committed,  1 nodes.
      Class space:        1.00 GB reserved,       7.62 MB ( <1%) committed,  1 nodes.
             Both:        1.06 GB reserved,      59.12 MB (  5%) committed. 

Chunk freelists:
   Non-Class:  12.49 MB
       Class:  8.34 MB
        Both:  20.83 MB

MaxMetaspaceSize: unlimited
CompressedClassSpaceSize: 1.00 GB
Initial GC threshold: 21.00 MB
Current GC threshold: 98.25 MB
CDS: on
MetaspaceReclaimPolicy: balanced
 - commit_granule_bytes: 65536.
 - commit_granule_words: 8192.
 - virtual_space_node_default_size: 8388608.
 - enlarge_chunks_in_place: 1.
 - new_chunks_are_fully_committed: 0.
 - uncommit_free_chunks: 1.
 - use_allocation_guard: 0.
 - handle_deallocations: 1.


Internal statistics:

num_allocs_failed_limit: 9.
num_arena_births: 832.
num_arena_deaths: 288.
num_vsnodes_births: 2.
num_vsnodes_deaths: 0.
num_space_committed: 946.
num_space_uncommitted: 0.
num_chunks_returned_to_freelist: 334.
num_chunks_taken_from_freelist: 3048.
num_chunk_merges: 118.
num_chunk_splits: 2066.
num_chunks_enlarged: 1583.
num_inconsistent_stats: 0.

CodeHeap 'non-profiled nmethods': size=120000Kb used=8226Kb max_used=8226Kb free=111773Kb
 bounds [0x000001cb26430000, 0x000001cb26c40000, 0x000001cb2d960000]
CodeHeap 'profiled nmethods': size=120000Kb used=20510Kb max_used=20510Kb free=99489Kb
 bounds [0x000001cb1e960000, 0x000001cb1fd70000, 0x000001cb25e90000]
CodeHeap 'non-nmethods': size=5760Kb used=1378Kb max_used=1496Kb free=4381Kb
 bounds [0x000001cb25e90000, 0x000001cb26100000, 0x000001cb26430000]
 total_blobs=10289 nmethods=9652 adapters=549
 compilation: enabled
              stopped_count=0, restarted_count=0
 full_count=0

Compilation events (20 events):
Event: 75295.858 Thread 0x000001cb3a6a8ff0 11189   !   4       org.springframework.core.$Proxy6::hashCode (32 bytes)
Event: 75295.859 Thread 0x000001cb3a6a8ff0 nmethod 11189 0x000001cb26c35490 code [0x000001cb26c35620, 0x000001cb26c35788]
Event: 75416.226 Thread 0x000001cb3a6a8ff0 11190   !   4       org.springframework.core.$Proxy6::getActualTypeArguments (29 bytes)
Event: 75416.228 Thread 0x000001cb3a6a8ff0 nmethod 11190 0x000001cb26c35910 code [0x000001cb26c35aa0, 0x000001cb26c35c08]
Event: 75600.610 Thread 0x000001cb3a6a8ff0 11191       4       java.util.HashMap$Values::toArray (16 bytes)
Event: 75600.618 Thread 0x000001cb3a6a8ff0 nmethod 11191 0x000001cb26c35d90 code [0x000001cb26c35f20, 0x000001cb26c365d8]
Event: 75620.634 Thread 0x000001cb3a6a8ff0 11192   !   4       org.apache.catalina.core.ContainerBase::findChildren (67 bytes)
Event: 75620.651 Thread 0x000001cb3a6a8ff0 nmethod 11192 0x000001cb26c36a10 code [0x000001cb26c36c40, 0x000001cb26c37ba8]
Event: 75625.892 Thread 0x000001cb3a6addc0 11193       3       org.apache.hc.core5.http.config.NamedElementChain::addFirst (78 bytes)
Event: 75625.893 Thread 0x000001cb3a6addc0 nmethod 11193 0x000001cb1fd67f10 code [0x000001cb1fd68140, 0x000001cb1fd689f8]
Event: 75625.893 Thread 0x000001cb3a6addc0 11194       3       org.springframework.core.log.CompositeLog::<init> (10 bytes)
Event: 75625.893 Thread 0x000001cb3a6addc0 nmethod 11194 0x000001cb1fd68d10 code [0x000001cb1fd68ea0, 0x000001cb1fd69058]
Event: 75625.893 Thread 0x000001cb3a6addc0 11195       3       org.springframework.core.log.LogDelegateFactory::getCompositeLog (43 bytes)
Event: 75625.894 Thread 0x000001cb3a6addc0 nmethod 11195 0x000001cb1fd69110 code [0x000001cb1fd69360, 0x000001cb1fd69f18]
Event: 75625.894 Thread 0x000001cb3a6addc0 11196       3       java.nio.charset.CharsetEncoder::implOnUnmappableCharacter (1 bytes)
Event: 75625.894 Thread 0x000001cb3a6addc0 nmethod 11196 0x000001cb1f68f310 code [0x000001cb1f68f4a0, 0x000001cb1f68f5b8]
Event: 75625.894 Thread 0x000001cb3a6addc0 11197       3       java.nio.charset.CharsetEncoder::onUnmappableCharacter (26 bytes)
Event: 75625.895 Thread 0x000001cb3a6addc0 nmethod 11197 0x000001cb1fd6a410 code [0x000001cb1fd6a5c0, 0x000001cb1fd6a928]
Event: 75625.895 Thread 0x000001cb3a6addc0 11198       1       org.springframework.http.converter.json.AbstractJackson2HttpMessageConverter::getObjectMapper (5 bytes)
Event: 75625.895 Thread 0x000001cb3a6addc0 nmethod 11198 0x000001cb26c38690 code [0x000001cb26c38820, 0x000001cb26c388f8]

GC Heap History (20 events):
Event: 3.308 GC heap before
{Heap before GC invocations=6 (full 0):
 garbage-first heap   total 61440K, used 18281K [0x0000000709c00000, 0x0000000800000000)
  region size 2048K, 3 young (6144K), 2 survivors (4096K)
 Metaspace       used 25427K, committed 25792K, reserved 1114112K
  class space    used 3243K, committed 3456K, reserved 1048576K
}
Event: 3.317 GC heap after
{Heap after GC invocations=7 (full 0):
 garbage-first heap   total 61440K, used 16619K [0x0000000709c00000, 0x0000000800000000)
  region size 2048K, 1 young (2048K), 1 survivors (2048K)
 Metaspace       used 25427K, committed 25792K, reserved 1114112K
  class space    used 3243K, committed 3456K, reserved 1048576K
}
Event: 4.005 GC heap before
{Heap before GC invocations=7 (full 0):
 garbage-first heap   total 61440K, used 39147K [0x0000000709c00000, 0x0000000800000000)
  region size 2048K, 13 young (26624K), 1 survivors (2048K)
 Metaspace       used 30077K, committed 30464K, reserved 1114112K
  class space    used 3858K, committed 4032K, reserved 1048576K
}
Event: 4.008 GC heap after
{Heap after GC invocations=8 (full 0):
 garbage-first heap   total 61440K, used 17950K [0x0000000709c00000, 0x0000000800000000)
  region size 2048K, 2 young (4096K), 2 survivors (4096K)
 Metaspace       used 30077K, committed 30464K, reserved 1114112K
  class space    used 3858K, committed 4032K, reserved 1048576K
}
Event: 4.618 GC heap before
{Heap before GC invocations=8 (full 0):
 garbage-first heap   total 61440K, used 42526K [0x0000000709c00000, 0x0000000800000000)
  region size 2048K, 14 young (28672K), 2 survivors (4096K)
 Metaspace       used 33685K, committed 34176K, reserved 1114112K
  class space    used 4401K, committed 4672K, reserved 1048576K
}
Event: 4.621 GC heap after
{Heap after GC invocations=9 (full 0):
 garbage-first heap   total 61440K, used 19533K [0x0000000709c00000, 0x0000000800000000)
  region size 2048K, 2 young (4096K), 2 survivors (4096K)
 Metaspace       used 33685K, committed 34176K, reserved 1114112K
  class space    used 4401K, committed 4672K, reserved 1048576K
}
Event: 5.024 GC heap before
{Heap before GC invocations=9 (full 0):
 garbage-first heap   total 61440K, used 31821K [0x0000000709c00000, 0x0000000800000000)
  region size 2048K, 9 young (18432K), 2 survivors (4096K)
 Metaspace       used 35657K, committed 36096K, reserved 1114112K
  class space    used 4672K, committed 4928K, reserved 1048576K
}
Event: 5.027 GC heap after
{Heap after GC invocations=10 (full 0):
 garbage-first heap   total 61440K, used 20453K [0x0000000709c00000, 0x0000000800000000)
  region size 2048K, 2 young (4096K), 2 survivors (4096K)
 Metaspace       used 35657K, committed 36096K, reserved 1114112K
  class space    used 4672K, committed 4928K, reserved 1048576K
}
Event: 5.630 GC heap before
{Heap before GC invocations=11 (full 0):
 garbage-first heap   total 61440K, used 45029K [0x0000000709c00000, 0x0000000800000000)
  region size 2048K, 14 young (28672K), 2 survivors (4096K)
 Metaspace       used 38801K, committed 39296K, reserved 1114112K
  class space    used 5082K, committed 5312K, reserved 1048576K
}
Event: 5.634 GC heap after
{Heap after GC invocations=12 (full 0):
 garbage-first heap   total 157696K, used 22098K [0x0000000709c00000, 0x0000000800000000)
  region size 2048K, 2 young (4096K), 2 survivors (4096K)
 Metaspace       used 38801K, committed 39296K, reserved 1114112K
  class space    used 5082K, committed 5312K, reserved 1048576K
}
Event: 5.664 GC heap before
{Heap before GC invocations=12 (full 0):
 garbage-first heap   total 157696K, used 24146K [0x0000000709c00000, 0x0000000800000000)
  region size 2048K, 3 young (6144K), 2 survivors (4096K)
 Metaspace       used 39138K, committed 39616K, reserved 1114112K
  class space    used 5142K, committed 5376K, reserved 1048576K
}
Event: 5.668 GC heap after
{Heap after GC invocations=13 (full 0):
 garbage-first heap   total 157696K, used 22118K [0x0000000709c00000, 0x0000000800000000)
  region size 2048K, 1 young (2048K), 1 survivors (2048K)
 Metaspace       used 39138K, committed 39616K, reserved 1114112K
  class space    used 5142K, committed 5376K, reserved 1048576K
}
Event: 53.076 GC heap before
{Heap before GC invocations=13 (full 0):
 garbage-first heap   total 157696K, used 114278K [0x0000000709c00000, 0x0000000800000000)
  region size 2048K, 46 young (94208K), 1 survivors (2048K)
 Metaspace       used 53767K, committed 54272K, reserved 1114112K
  class space    used 7107K, committed 7360K, reserved 1048576K
}
Event: 53.083 GC heap after
{Heap after GC invocations=14 (full 0):
 garbage-first heap   total 157696K, used 28555K [0x0000000709c00000, 0x0000000800000000)
  region size 2048K, 4 young (8192K), 4 survivors (8192K)
 Metaspace       used 53767K, committed 54272K, reserved 1114112K
  class space    used 7107K, committed 7360K, reserved 1048576K
}
Event: 2084.269 GC heap before
{Heap before GC invocations=14 (full 0):
 garbage-first heap   total 157696K, used 114571K [0x0000000709c00000, 0x0000000800000000)
  region size 2048K, 46 young (94208K), 4 survivors (8192K)
 Metaspace       used 58605K, committed 59200K, reserved 1114112K
  class space    used 7537K, committed 7808K, reserved 1048576K
}
Event: 2084.279 GC heap after
{Heap after GC invocations=15 (full 0):
 garbage-first heap   total 157696K, used 32841K [0x0000000709c00000, 0x0000000800000000)
  region size 2048K, 3 young (6144K), 3 survivors (6144K)
 Metaspace       used 58605K, committed 59200K, reserved 1114112K
  class space    used 7537K, committed 7808K, reserved 1048576K
}
Event: 23093.458 GC heap before
{Heap before GC invocations=15 (full 0):
 garbage-first heap   total 157696K, used 116809K [0x0000000709c00000, 0x0000000800000000)
  region size 2048K, 44 young (90112K), 3 survivors (6144K)
 Metaspace       used 59517K, committed 60096K, reserved 1114112K
  class space    used 7540K, committed 7808K, reserved 1048576K
}
Event: 23093.465 GC heap after
{Heap after GC invocations=16 (full 0):
 garbage-first heap   total 157696K, used 33537K [0x0000000709c00000, 0x0000000800000000)
  region size 2048K, 3 young (6144K), 3 survivors (6144K)
 Metaspace       used 59517K, committed 60096K, reserved 1114112K
  class space    used 7540K, committed 7808K, reserved 1048576K
}
Event: 69698.434 GC heap before
{Heap before GC invocations=16 (full 0):
 garbage-first heap   total 157696K, used 58113K [0x0000000709c00000, 0x0000000800000000)
  region size 2048K, 16 young (32768K), 3 survivors (6144K)
 Metaspace       used 59761K, committed 60288K, reserved 1114112K
  class space    used 7541K, committed 7808K, reserved 1048576K
}
Event: 69698.441 GC heap after
{Heap after GC invocations=17 (full 0):
 garbage-first heap   total 157696K, used 32942K [0x0000000709c00000, 0x0000000800000000)
  region size 2048K, 3 young (6144K), 3 survivors (6144K)
 Metaspace       used 59761K, committed 60288K, reserved 1114112K
  class space    used 7541K, committed 7808K, reserved 1048576K
}

Deoptimization events (20 events):
Event: 75596.767 Thread 0x000001cb0bf19df0 DEOPT PACKING pc=0x000001cb1f5b7a54 sp=0x000000875eafbf50
Event: 75596.767 Thread 0x000001cb0bf19df0 DEOPT UNPACKING pc=0x000001cb25ee2b43 sp=0x000000875eafb4a8 mode 1
Event: 75596.767 Thread 0x000001cb0bf19df0 DEOPT PACKING pc=0x000001cb1fa252ec sp=0x000000875eafc060
Event: 75596.767 Thread 0x000001cb0bf19df0 DEOPT UNPACKING pc=0x000001cb25ee2b43 sp=0x000000875eafb518 mode 1
Event: 75596.767 Thread 0x000001cb0bf19df0 DEOPT PACKING pc=0x000001cb1f5b7a54 sp=0x000000875eafbf90
Event: 75596.767 Thread 0x000001cb0bf19df0 DEOPT UNPACKING pc=0x000001cb25ee2b43 sp=0x000000875eafb4e8 mode 1
Event: 75596.767 Thread 0x000001cb0bf19df0 DEOPT PACKING pc=0x000001cb1fa252ec sp=0x000000875eafc0a0
Event: 75596.767 Thread 0x000001cb0bf19df0 DEOPT UNPACKING pc=0x000001cb25ee2b43 sp=0x000000875eafb558 mode 1
Event: 75596.768 Thread 0x000001cb0bf19df0 DEOPT PACKING pc=0x000001cb1f5b7a54 sp=0x000000875eafbf90
Event: 75596.768 Thread 0x000001cb0bf19df0 DEOPT UNPACKING pc=0x000001cb25ee2b43 sp=0x000000875eafb4e8 mode 1
Event: 75596.768 Thread 0x000001cb0bf19df0 DEOPT PACKING pc=0x000001cb1fa252ec sp=0x000000875eafc0a0
Event: 75596.768 Thread 0x000001cb0bf19df0 DEOPT UNPACKING pc=0x000001cb25ee2b43 sp=0x000000875eafb558 mode 1
Event: 75625.892 Thread 0x000001cb0bf1c670 DEOPT PACKING pc=0x000001cb1f043ef4 sp=0x000000875e9fe3e0
Event: 75625.892 Thread 0x000001cb0bf1c670 DEOPT UNPACKING pc=0x000001cb25ee2b43 sp=0x000000875e9fd8b0 mode 1
Event: 75625.892 Thread 0x000001cb0bf1c670 DEOPT PACKING pc=0x000001cb1f043ef4 sp=0x000000875e9fe320
Event: 75625.892 Thread 0x000001cb0bf1c670 DEOPT UNPACKING pc=0x000001cb25ee2b43 sp=0x000000875e9fd7f0 mode 1
Event: 75625.894 Thread 0x000001cb0bf1c670 Uncommon trap: trap_request=0xffffff76 fr.pc=0x000001cb26c2fcd0 relative=0x00000000000001b0
Event: 75625.894 Thread 0x000001cb0bf1c670 Uncommon trap: reason=predicate action=maybe_recompile pc=0x000001cb26c2fcd0 method=java.util.LinkedHashMap.valuesToArray([Ljava/lang/Object;)[Ljava/lang/Object; @ 12 c2
Event: 75625.894 Thread 0x000001cb0bf1c670 DEOPT PACKING pc=0x000001cb26c2fcd0 sp=0x000000875e9fd160
Event: 75625.894 Thread 0x000001cb0bf1c670 DEOPT UNPACKING pc=0x000001cb25ee23a3 sp=0x000000875e9fd118 mode 2

Classes unloaded (20 events):
Event: 69698.474 Thread 0x000001cb3a57d4a0 Unloading class 0x000001cb3c109800 'java/lang/invoke/LambdaForm$MH+0x000001cb3c109800'
Event: 69698.474 Thread 0x000001cb3a57d4a0 Unloading class 0x000001cb3c109400 'java/lang/invoke/LambdaForm$MH+0x000001cb3c109400'
Event: 69698.474 Thread 0x000001cb3a57d4a0 Unloading class 0x000001cb3c08d400 'java/lang/invoke/LambdaForm$MH+0x000001cb3c08d400'
Event: 69698.474 Thread 0x000001cb3a57d4a0 Unloading class 0x000001cb3c08d000 'java/lang/invoke/LambdaForm$MH+0x000001cb3c08d000'
Event: 69698.474 Thread 0x000001cb3a57d4a0 Unloading class 0x000001cb3c08cc00 'java/lang/invoke/LambdaForm$MH+0x000001cb3c08cc00'
Event: 69698.474 Thread 0x000001cb3a57d4a0 Unloading class 0x000001cb3c08c800 'java/lang/invoke/LambdaForm$MH+0x000001cb3c08c800'
Event: 69698.474 Thread 0x000001cb3a57d4a0 Unloading class 0x000001cb3c08c400 'java/lang/invoke/LambdaForm$MH+0x000001cb3c08c400'
Event: 69698.474 Thread 0x000001cb3a57d4a0 Unloading class 0x000001cb3c08c000 'java/lang/invoke/LambdaForm$MH+0x000001cb3c08c000'
Event: 69698.474 Thread 0x000001cb3a57d4a0 Unloading class 0x000001cb3c018c00 'java/lang/invoke/LambdaForm$MH+0x000001cb3c018c00'
Event: 69698.474 Thread 0x000001cb3a57d4a0 Unloading class 0x000001cb3c018800 'java/lang/invoke/LambdaForm$MH+0x000001cb3c018800'
Event: 69698.474 Thread 0x000001cb3a57d4a0 Unloading class 0x000001cb3c018000 'java/lang/invoke/LambdaForm$MH+0x000001cb3c018000'
Event: 69698.474 Thread 0x000001cb3a57d4a0 Unloading class 0x000001cb3c013c00 'java/lang/invoke/LambdaForm$MH+0x000001cb3c013c00'
Event: 69698.474 Thread 0x000001cb3a57d4a0 Unloading class 0x000001cb3c012c00 'java/lang/invoke/LambdaForm$MH+0x000001cb3c012c00'
Event: 69698.474 Thread 0x000001cb3a57d4a0 Unloading class 0x000001cb3c012400 'java/lang/invoke/LambdaForm$MH+0x000001cb3c012400'
Event: 69698.474 Thread 0x000001cb3a57d4a0 Unloading class 0x000001cb3c012000 'java/lang/invoke/LambdaForm$MH+0x000001cb3c012000'
Event: 69698.474 Thread 0x000001cb3a57d4a0 Unloading class 0x000001cb3c011c00 'java/lang/invoke/LambdaForm$MH+0x000001cb3c011c00'
Event: 69698.474 Thread 0x000001cb3a57d4a0 Unloading class 0x000001cb3c011800 'java/lang/invoke/LambdaForm$MH+0x000001cb3c011800'
Event: 69698.474 Thread 0x000001cb3a57d4a0 Unloading class 0x000001cb3c011400 'java/lang/invoke/LambdaForm$MH+0x000001cb3c011400'
Event: 69698.474 Thread 0x000001cb3a57d4a0 Unloading class 0x000001cb3c010c00 'java/lang/invoke/LambdaForm$MH+0x000001cb3c010c00'
Event: 69698.474 Thread 0x000001cb3a57d4a0 Unloading class 0x000001cb3c010400 'java/lang/invoke/LambdaForm$MH+0x000001cb3c010400'

Classes redefined (0 events):
No events

Internal exceptions (20 events):
Event: 53.265 Thread 0x000001cb0bf1b740 Exception <a 'java/lang/NoSuchMethodError'{0x0000000717d15a98}: 'java.lang.Object java.lang.invoke.DirectMethodHandle$Holder.invokeStatic(java.lang.Object, java.lang.Object, java.lang.Object, int, java.lang.Object, java.lang.Object)'> (0x0000000717d15a98) 
thrown [s\open\src\hotspot\share\interpreter\linkResolver.cpp, line 759]
Event: 53.266 Thread 0x000001cb0bf17570 Exception <a 'java/lang/NoSuchMethodError'{0x0000000717c29b90}: 'java.lang.Object java.lang.invoke.Invokers$Holder.linkToTargetMethod(java.lang.Object, int, java.lang.Object, java.lang.Object, java.lang.Object, java.lang.Object)'> (0x0000000717c29b90) 
thrown [s\open\src\hotspot\share\interpreter\linkResolver.cpp, line 759]
Event: 53.270 Thread 0x000001cb0bf1b740 Exception <a 'java/lang/NoSuchMethodError'{0x0000000717d31498}: 'java.lang.Object java.lang.invoke.DirectMethodHandle$Holder.newInvokeSpecial(java.lang.Object, java.lang.Object, java.lang.Object, java.lang.Object, int, java.lang.Object)'> (0x0000000717d31498) 
thrown [s\open\src\hotspot\share\interpreter\linkResolver.cpp, line 759]
Event: 53.270 Thread 0x000001cb0bf1b740 Exception <a 'java/lang/NoSuchMethodError'{0x0000000717d35770}: 'java.lang.Object java.lang.invoke.DirectMethodHandle$Holder.invokeSpecial(java.lang.Object, java.lang.Object, java.lang.Object, java.lang.Object, java.lang.Object, int, java.lang.Object)'> (0x0000000717d35770) 
thrown [s\open\src\hotspot\share\interpreter\linkResolver.cpp, line 759]
Event: 53.271 Thread 0x000001cb0bf1b740 Exception <a 'java/lang/NoSuchMethodError'{0x0000000717d390a0}: 'java.lang.Object java.lang.invoke.Invokers$Holder.linkToTargetMethod(java.lang.Object, java.lang.Object, java.lang.Object, int, java.lang.Object, java.lang.Object)'> (0x0000000717d390a0) 
thrown [s\open\src\hotspot\share\interpreter\linkResolver.cpp, line 759]
Event: 53.276 Thread 0x000001cb0bf1b740 Exception <a 'java/lang/NoSuchMethodError'{0x0000000717d6ef20}: 'void java.lang.invoke.DirectMethodHandle$Holder.invokeStatic(java.lang.Object, int)'> (0x0000000717d6ef20) 
thrown [s\open\src\hotspot\share\interpreter\linkResolver.cpp, line 759]
Event: 53.276 Thread 0x000001cb0bf1b740 Exception <a 'java/lang/NoSuchMethodError'{0x0000000717d72628}: 'void java.lang.invoke.DirectMethodHandle$Holder.invokeStaticInit(java.lang.Object, int)'> (0x0000000717d72628) 
thrown [s\open\src\hotspot\share\interpreter\linkResolver.cpp, line 759]
Event: 53.277 Thread 0x000001cb0bf1b740 Exception <a 'java/lang/NoSuchMethodError'{0x0000000717d78360}: 'void java.lang.invoke.DirectMethodHandle$Holder.invokeSpecial(java.lang.Object, java.lang.Object, int)'> (0x0000000717d78360) 
thrown [s\open\src\hotspot\share\interpreter\linkResolver.cpp, line 759]
Event: 55.174 Thread 0x000001cb0bf1e4d0 Exception <a 'java/lang/NoSuchMethodError'{0x00000007124f3370}: 'void java.lang.invoke.DirectMethodHandle$Holder.invokeSpecial(java.lang.Object, java.lang.Object, long)'> (0x00000007124f3370) 
thrown [s\open\src\hotspot\share\interpreter\linkResolver.cpp, line 759]
Event: 55.174 Thread 0x000001cb0256a420 Exception <a 'java/lang/NoSuchMethodError'{0x000000071255e848}: 'void java.lang.invoke.DirectMethodHandle$Holder.invokeSpecial(java.lang.Object, java.lang.Object, long)'> (0x000000071255e848) 
thrown [s\open\src\hotspot\share\interpreter\linkResolver.cpp, line 759]
Event: 68.461 Thread 0x000001cb0bf17a80 Exception <a 'java/lang/NoSuchMethodError'{0x0000000711da6dd8}: 'void java.lang.invoke.DirectMethodHandle$Holder.invokeStaticInit(java.lang.Object)'> (0x0000000711da6dd8) 
thrown [s\open\src\hotspot\share\interpreter\linkResolver.cpp, line 759]
Event: 159.576 Thread 0x000001cb0bf17f90 Exception <a 'java/net/ConnectException'{0x00000007114dd780}: Connection refused: no further information> (0x00000007114dd780) 
thrown [s\open\src\hotspot\share\prims\jni.cpp, line 535]
Event: 163.051 Thread 0x000001cb0bf184a0 Exception <a 'java/net/ConnectException'{0x0000000711221fe8}: Connection refused: no further information> (0x0000000711221fe8) 
thrown [s\open\src\hotspot\share\prims\jni.cpp, line 535]
Event: 179.470 Thread 0x000001cb0819aba0 Exception <a 'java/net/ConnectException'{0x00000007112a8690}: Connection refused: no further information> (0x00000007112a8690) 
thrown [s\open\src\hotspot\share\prims\jni.cpp, line 535]
Event: 187.553 Thread 0x000001cb08198d40 Exception <a 'java/net/ConnectException'{0x000000071132ed38}: Connection refused: no further information> (0x000000071132ed38) 
thrown [s\open\src\hotspot\share\prims\jni.cpp, line 535]
Event: 69728.541 Thread 0x000001cb0bf19df0 Implicit null exception at 0x000001cb2699db44 to 0x000001cb2699e6a4
Event: 69728.541 Thread 0x000001cb0bf19df0 Implicit null exception at 0x000001cb2671b7be to 0x000001cb2671c21c
Event: 69728.541 Thread 0x000001cb0bf19df0 Implicit null exception at 0x000001cb2668bfb4 to 0x000001cb2668c798
Event: 69758.478 Thread 0x000001cb0bf1c670 Implicit null exception at 0x000001cb268744dd to 0x000001cb2687602c
Event: 72346.619 Thread 0x000001cb0bf19df0 Implicit null exception at 0x000001cb26794fdf to 0x000001cb2679d8e4

VM Operations (20 events):
Event: 74032.071 Executing VM operation: Cleanup
Event: 74032.071 Executing VM operation: Cleanup done
Event: 74544.459 Executing VM operation: Cleanup
Event: 74544.459 Executing VM operation: Cleanup done
Event: 74573.800 Executing VM operation: Cleanup
Event: 74573.800 Executing VM operation: Cleanup done
Event: 74663.821 Executing VM operation: Cleanup
Event: 74663.822 Executing VM operation: Cleanup done
Event: 74664.833 Executing VM operation: Cleanup
Event: 74664.834 Executing VM operation: Cleanup done
Event: 74754.843 Executing VM operation: Cleanup
Event: 74754.843 Executing VM operation: Cleanup done
Event: 74843.811 Executing VM operation: Cleanup
Event: 74843.811 Executing VM operation: Cleanup done
Event: 74874.134 Executing VM operation: Cleanup
Event: 74874.135 Executing VM operation: Cleanup done
Event: 75205.607 Executing VM operation: Cleanup
Event: 75205.607 Executing VM operation: Cleanup done
Event: 75610.652 Executing VM operation: Cleanup
Event: 75610.653 Executing VM operation: Cleanup done

Events (20 events):
Event: 72887.674 loading class org/brotli/dec/BrotliInputStream
Event: 72887.674 loading class org/brotli/dec/BrotliInputStream done
Event: 72887.675 loading class org/brotli/dec/BrotliInputStream
Event: 72887.675 loading class org/brotli/dec/BrotliInputStream done
Event: 73851.288 loading class org/brotli/dec/BrotliInputStream
Event: 73851.288 loading class org/brotli/dec/BrotliInputStream done
Event: 73851.289 loading class org/brotli/dec/BrotliInputStream
Event: 73851.289 loading class org/brotli/dec/BrotliInputStream done
Event: 74573.536 loading class org/brotli/dec/BrotliInputStream
Event: 74573.536 loading class org/brotli/dec/BrotliInputStream done
Event: 74573.537 loading class org/brotli/dec/BrotliInputStream
Event: 74573.537 loading class org/brotli/dec/BrotliInputStream done
Event: 74662.984 loading class org/brotli/dec/BrotliInputStream
Event: 74662.984 loading class org/brotli/dec/BrotliInputStream done
Event: 74662.984 loading class org/brotli/dec/BrotliInputStream
Event: 74662.984 loading class org/brotli/dec/BrotliInputStream done
Event: 75625.892 loading class org/brotli/dec/BrotliInputStream
Event: 75625.892 loading class org/brotli/dec/BrotliInputStream done
Event: 75625.892 loading class org/brotli/dec/BrotliInputStream
Event: 75625.892 loading class org/brotli/dec/BrotliInputStream done


Dynamic libraries:
0x00007ff6cf0e0000 - 0x00007ff6cf0f0000 	C:\Program Files\Java\jdk-17\bin\java.exe
0x00007ffcc82b0000 - 0x00007ffcc84c7000 	C:\WINDOWS\SYSTEM32\ntdll.dll
0x00007ffcc77c0000 - 0x00007ffcc7884000 	C:\WINDOWS\System32\KERNEL32.DLL
0x00007ffcc5a60000 - 0x00007ffcc5e0d000 	C:\WINDOWS\System32\KERNELBASE.dll
0x00007ffcc5940000 - 0x00007ffcc5a51000 	C:\WINDOWS\System32\ucrtbase.dll
0x00007ffc4f3f0000 - 0x00007ffc4f409000 	C:\Program Files\Java\jdk-17\bin\jli.dll
0x00007ffc4f3d0000 - 0x00007ffc4f3eb000 	C:\Program Files\Java\jdk-17\bin\VCRUNTIME140.dll
0x00007ffcc7cb0000 - 0x00007ffcc7d62000 	C:\WINDOWS\System32\ADVAPI32.dll
0x00007ffcc6000000 - 0x00007ffcc60a7000 	C:\WINDOWS\System32\msvcrt.dll
0x00007ffcc7890000 - 0x00007ffcc7939000 	C:\WINDOWS\System32\sechost.dll
0x00007ffcc57c0000 - 0x00007ffcc57e8000 	C:\WINDOWS\System32\bcrypt.dll
0x00007ffcc7940000 - 0x00007ffcc7a54000 	C:\WINDOWS\System32\RPCRT4.dll
0x00007ffcc7d90000 - 0x00007ffcc7f3e000 	C:\WINDOWS\System32\USER32.dll
0x00007ffcc5910000 - 0x00007ffcc5936000 	C:\WINDOWS\System32\win32u.dll
0x00007ffcb32c0000 - 0x00007ffcb3553000 	C:\WINDOWS\WinSxS\amd64_microsoft.windows.common-controls_6595b64144ccf1df_6.0.22621.3672_none_2713b9d173822955\COMCTL32.dll
0x00007ffcc7250000 - 0x00007ffcc7279000 	C:\WINDOWS\System32\GDI32.dll
0x00007ffcc57f0000 - 0x00007ffcc5909000 	C:\WINDOWS\System32\gdi32full.dll
0x00007ffcc5f50000 - 0x00007ffcc5fea000 	C:\WINDOWS\System32\msvcp_win.dll
0x00007ffcbce50000 - 0x00007ffcbce5a000 	C:\WINDOWS\SYSTEM32\VERSION.dll
0x00007ffcc8180000 - 0x00007ffcc81b1000 	C:\WINDOWS\System32\IMM32.DLL
0x00007ffc55860000 - 0x00007ffc5586c000 	C:\Program Files\Java\jdk-17\bin\vcruntime140_1.dll
0x00007ffc4f340000 - 0x00007ffc4f3ce000 	C:\Program Files\Java\jdk-17\bin\msvcp140.dll
0x00007ffc4e200000 - 0x00007ffc4ede0000 	C:\Program Files\Java\jdk-17\bin\server\jvm.dll
0x00007ffcc5ff0000 - 0x00007ffcc5ff8000 	C:\WINDOWS\System32\PSAPI.DLL
0x00007ffc68c10000 - 0x00007ffc68c19000 	C:\WINDOWS\SYSTEM32\WSOCK32.dll
0x00007ffcc0fa0000 - 0x00007ffcc0fd4000 	C:\WINDOWS\SYSTEM32\WINMM.dll
0x00007ffcc60b0000 - 0x00007ffcc6121000 	C:\WINDOWS\System32\WS2_32.dll
0x00007ffcc46d0000 - 0x00007ffcc46e8000 	C:\WINDOWS\SYSTEM32\kernel.appcore.dll
0x00007ffc4f330000 - 0x00007ffc4f33a000 	C:\Program Files\Java\jdk-17\bin\jimage.dll
0x00007ffcc2de0000 - 0x00007ffcc3012000 	C:\WINDOWS\SYSTEM32\DBGHELP.DLL
0x00007ffcc6ca0000 - 0x00007ffcc7028000 	C:\WINDOWS\System32\combase.dll
0x00007ffcc7bc0000 - 0x00007ffcc7c97000 	C:\WINDOWS\System32\OLEAUT32.dll
0x00007ffcb3560000 - 0x00007ffcb3592000 	C:\WINDOWS\SYSTEM32\dbgcore.DLL
0x00007ffcc5ed0000 - 0x00007ffcc5f4b000 	C:\WINDOWS\System32\bcryptPrimitives.dll
0x00007ffc45a70000 - 0x00007ffc45aab000 	C:\Program Files\Java\jdk-17\bin\jdwp.dll
0x00007ffc45a60000 - 0x00007ffc45a6e000 	C:\Program Files\Java\jdk-17\bin\instrument.dll
0x00007ffc4f300000 - 0x00007ffc4f325000 	C:\Program Files\Java\jdk-17\bin\java.dll
0x00007ffc4f290000 - 0x00007ffc4f2a8000 	C:\Program Files\Java\jdk-17\bin\zip.dll
0x00007ffc4e120000 - 0x00007ffc4e1f7000 	C:\Program Files\Java\jdk-17\bin\jsvml.dll
0x00007ffcc6440000 - 0x00007ffcc6c9f000 	C:\WINDOWS\System32\SHELL32.dll
0x00007ffcc34f0000 - 0x00007ffcc3dec000 	C:\WINDOWS\SYSTEM32\windows.storage.dll
0x00007ffcc33b0000 - 0x00007ffcc34ef000 	C:\WINDOWS\SYSTEM32\wintypes.dll
0x00007ffcc6340000 - 0x00007ffcc6434000 	C:\WINDOWS\System32\SHCORE.dll
0x00007ffcc6130000 - 0x00007ffcc618e000 	C:\WINDOWS\System32\shlwapi.dll
0x00007ffcc5510000 - 0x00007ffcc5531000 	C:\WINDOWS\SYSTEM32\profapi.dll
0x00007ffc45a30000 - 0x00007ffc45a3c000 	C:\Program Files\Java\jdk-17\bin\dt_socket.dll
0x00007ffcc4100000 - 0x00007ffcc412d000 	C:\WINDOWS\SYSTEM32\IPHLPAPI.DLL
0x00007ffcc4b50000 - 0x00007ffcc4bb9000 	C:\WINDOWS\system32\mswsock.dll
0x00007ffc4f2e0000 - 0x00007ffc4f2f9000 	C:\Program Files\Java\jdk-17\bin\net.dll
0x00007ffcc11d0000 - 0x00007ffcc1306000 	C:\WINDOWS\SYSTEM32\WINHTTP.dll
0x00007ffc4f2c0000 - 0x00007ffc4f2d6000 	C:\Program Files\Java\jdk-17\bin\nio.dll
0x00007ffcc7ca0000 - 0x00007ffcc7ca9000 	C:\WINDOWS\System32\NSI.dll
0x00007ffcc0f80000 - 0x00007ffcc0f99000 	C:\WINDOWS\SYSTEM32\dhcpcsvc6.DLL
0x00007ffcc0f60000 - 0x00007ffcc0f7f000 	C:\WINDOWS\SYSTEM32\dhcpcsvc.DLL
0x00007ffcc4130000 - 0x00007ffcc4228000 	C:\WINDOWS\SYSTEM32\DNSAPI.dll
0x00007ffcbce40000 - 0x00007ffcbce4a000 	C:\Windows\System32\rasadhlp.dll
0x00007ffc459a0000 - 0x00007ffc459ae000 	C:\Program Files\Java\jdk-17\bin\sunmscapi.dll
0x00007ffcc55e0000 - 0x00007ffcc5747000 	C:\WINDOWS\System32\CRYPT32.dll
0x00007ffcc4f90000 - 0x00007ffcc4fbe000 	C:\WINDOWS\SYSTEM32\ncrypt.dll
0x00007ffcc4f50000 - 0x00007ffcc4f87000 	C:\WINDOWS\SYSTEM32\NTASN1.dll
0x00007ffcc4dd0000 - 0x00007ffcc4deb000 	C:\WINDOWS\SYSTEM32\CRYPTSP.dll
0x00007ffcc4630000 - 0x00007ffcc4665000 	C:\WINDOWS\system32\rsaenh.dll
0x00007ffcc4c70000 - 0x00007ffcc4c98000 	C:\WINDOWS\SYSTEM32\USERENV.dll
0x00007ffcc4df0000 - 0x00007ffcc4dfc000 	C:\WINDOWS\SYSTEM32\CRYPTBASE.dll
0x00007ffc4f280000 - 0x00007ffc4f28a000 	C:\Program Files\Java\jdk-17\bin\management.dll
0x00007ffc4f270000 - 0x00007ffc4f27b000 	C:\Program Files\Java\jdk-17\bin\management_ext.dll
0x00007ffc459e0000 - 0x00007ffc459f0000 	C:\Program Files\Java\jdk-17\bin\verify.dll
0x00007ffcc0560000 - 0x00007ffcc05e3000 	C:\WINDOWS\System32\fwpuclnt.dll
0x00007ffc8a3a0000 - 0x00007ffc8a3a8000 	C:\WINDOWS\system32\wshunix.dll
0x00007ffcad750000 - 0x00007ffcad767000 	C:\WINDOWS\system32\napinsp.dll
0x00007ffcad310000 - 0x00007ffcad32b000 	C:\WINDOWS\system32\pnrpnsp.dll
0x00007ffcad340000 - 0x00007ffcad367000 	C:\WINDOWS\system32\nlansp_c.dll
0x00007ffcad2f0000 - 0x00007ffcad301000 	C:\WINDOWS\System32\winrnr.dll
0x00007ffcacff0000 - 0x00007ffcad005000 	C:\WINDOWS\system32\wshbth.dll

dbghelp: loaded successfully - version: 4.0.5 - missing functions: none
symbol engine: initialized successfully - sym options: 0x614 - pdb path: .;C:\Program Files\Java\jdk-17\bin;C:\WINDOWS\SYSTEM32;C:\WINDOWS\WinSxS\amd64_microsoft.windows.common-controls_6595b64144ccf1df_6.0.22621.3672_none_2713b9d173822955;C:\Program Files\Java\jdk-17\bin\server

VM Arguments:
jvm_args: -agentlib:jdwp=transport=dt_socket,address=127.0.0.1:53337,suspend=y,server=n -javaagent:C:\Users\buddh\AppData\Local\JetBrains\IdeaIC2024.1\captureAgent\debugger-agent.jar=file:/C:/Users/buddh/AppData/Local/Temp/capture.props -Dfile.encoding=UTF-8 
java_command: com.stylit.online.ApiGatewayApplication
java_class_path (initial): D:\Stylit\Stylit 0.5\stylit\api-gateway\target\classes;C:\Users\buddh\.m2\repository\org\springframework\boot\spring-boot-starter-oauth2-resource-server\3.3.1\spring-boot-starter-oauth2-resource-server-3.3.1.jar;C:\Users\buddh\.m2\repository\org\springframework\boot\spring-boot-starter\3.3.1\spring-boot-starter-3.3.1.jar;C:\Users\buddh\.m2\repository\org\springframework\boot\spring-boot\3.3.1\spring-boot-3.3.1.jar;C:\Users\buddh\.m2\repository\org\springframework\boot\spring-boot-autoconfigure\3.3.1\spring-boot-autoconfigure-3.3.1.jar;C:\Users\buddh\.m2\repository\org\springframework\boot\spring-boot-starter-logging\3.3.1\spring-boot-starter-logging-3.3.1.jar;C:\Users\buddh\.m2\repository\ch\qos\logback\logback-classic\1.5.6\logback-classic-1.5.6.jar;C:\Users\buddh\.m2\repository\ch\qos\logback\logback-core\1.5.6\logback-core-1.5.6.jar;C:\Users\buddh\.m2\repository\org\apache\logging\log4j\log4j-to-slf4j\2.23.1\log4j-to-slf4j-2.23.1.jar;C:\Users\buddh\.m2\repository\org\apache\logging\log4j\log4j-api\2.23.1\log4j-api-2.23.1.jar;C:\Users\buddh\.m2\repository\org\slf4j\jul-to-slf4j\2.0.13\jul-to-slf4j-2.0.13.jar;C:\Users\buddh\.m2\repository\jakarta\annotation\jakarta.annotation-api\2.1.1\jakarta.annotation-api-2.1.1.jar;C:\Users\buddh\.m2\repository\org\yaml\snakeyaml\2.2\snakeyaml-2.2.jar;C:\Users\buddh\.m2\repository\org\springframework\security\spring-security-config\6.3.1\spring-security-config-6.3.1.jar;C:\Users\buddh\.m2\repository\org\springframework\spring-beans\6.1.10\spring-beans-6.1.10.jar;C:\Users\buddh\.m2\repository\org\springframework\spring-context\6.1.10\spring-context-6.1.10.jar;C:\Users\buddh\.m2\repository\org\springframework\security\spring-security-core\6.3.1\spring-security-core-6.3.1.jar;C:\Users\buddh\.m2\repository\org\springframework\security\spring-security-crypto\6.3.1\spring-security-crypto-6.3.1.jar;C:\Users\buddh\.m2\repository\org\springframework\spring-expression\6.1.10\spring-expression-6.1.10.jar;C:\Use
Launcher Type: SUN_STANDARD

[Global flags]
     intx CICompilerCount                          = 4                                         {product} {ergonomic}
     uint ConcGCThreads                            = 3                                         {product} {ergonomic}
     uint G1ConcRefinementThreads                  = 10                                        {product} {ergonomic}
   size_t G1HeapRegionSize                         = 2097152                                   {product} {ergonomic}
    uintx GCDrainStackTargetSize                   = 64                                        {product} {ergonomic}
   size_t InitialHeapSize                          = 260046848                                 {product} {ergonomic}
   size_t MarkStackSize                            = 4194304                                   {product} {ergonomic}
   size_t MaxHeapSize                              = 4131389440                                {product} {ergonomic}
   size_t MaxNewSize                               = 2478833664                                {product} {ergonomic}
   size_t MinHeapDeltaBytes                        = 2097152                                   {product} {ergonomic}
   size_t MinHeapSize                              = 8388608                                   {product} {ergonomic}
    uintx NonNMethodCodeHeapSize                   = 5839372                                {pd product} {ergonomic}
    uintx NonProfiledCodeHeapSize                  = 122909434                              {pd product} {ergonomic}
    uintx ProfiledCodeHeapSize                     = 122909434                              {pd product} {ergonomic}
    uintx ReservedCodeCacheSize                    = 251658240                              {pd product} {ergonomic}
     bool SegmentedCodeCache                       = true                                      {product} {ergonomic}
   size_t SoftMaxHeapSize                          = 4131389440                             {manageable} {ergonomic}
     bool UseCompressedClassPointers               = true                           {product lp64_product} {ergonomic}
     bool UseCompressedOops                        = true                           {product lp64_product} {ergonomic}
     bool UseG1GC                                  = true                                      {product} {ergonomic}
     bool UseLargePagesIndividualAllocation        = false                                  {pd product} {ergonomic}

Logging:
Log output configuration:
 #0: stdout all=warning uptime,level,tags
 #1: stderr all=off uptime,level,tags

Environment Variables:
PATH=C:\Program Files\Common Files\Oracle\Java\javapath;C:\Python312\Scripts\;C:\Python312\;C:\WINDOWS\system32;C:\WINDOWS;C:\WINDOWS\System32\Wbem;C:\WINDOWS\System32\WindowsPowerShell\v1.0\;C:\WINDOWS\System32\OpenSSH\;C:\Program Files\nodejs\;C:\ProgramData\chocolatey\bin;C:\Program Files\PuTTY\;C:\Program Files\Git\cmd;C:\Program Files\Java\jdk-17\bin;C:\Program Files\Docker\Docker\resources\bin;C:\Program Files\MySQL\MySQL Shell 8.0\bin\;C:\Users\buddh\AppData\Local\Microsoft\WindowsApps;C:\Users\buddh\AppData\Local\Programs\Microsoft VS Code\bin;C:\Users\buddh\AppData\Roaming\npm;C:\Python312;;C:\Program Files\JetBrains\IntelliJ IDEA Community Edition 2024.1.2\bin;
USERNAME=buddh
OS=Windows_NT
PROCESSOR_IDENTIFIER=AMD64 Family 23 Model 104 Stepping 1, AuthenticAMD



---------------  S Y S T E M  ---------------

OS:
 Windows 11 , 64 bit Build 22621 (10.0.22621.3672)
OS uptime: 0 days 21:02 hours
Hyper-V role detected

CPU: total 12 (initial active 12) (12 cores per cpu, 2 threads per core) family 23 model 104 stepping 1 microcode 0x0, cx8, cmov, fxsr, ht, mmx, 3dnowpref, sse, sse2, sse3, ssse3, sse4a, sse4.1, sse4.2, popcnt, lzcnt, tsc, tscinvbit, avx, avx2, aes, clmul, bmi1, bmi2, adx, sha, fma, vzeroupper, clflush, clflushopt, hv

Memory: 4k page, system-wide physical 15753M (3630M free)
TotalPageFile size 24457M (AvailPageFile size 3616M)
current process WorkingSet (physical memory assigned to process): 218M, peak: 417M
current process commit charge ("private bytes"): 450M, peak: 515M

vm_info: Java HotSpot(TM) 64-Bit Server VM (17.0.11+7-LTS-207) for windows-amd64 JRE (17.0.11+7-LTS-207), built on Mar 11 2024 19:01:50 by "mach5one" with MS VC++ 17.6 (VS2022)

END.
